{"meta": {"format": 3, "version": "7.8.2", "timestamp": "2025-07-26T15:49:31.562031", "branch_coverage": false, "show_contexts": false}, "files": {"src/zenoo_rpc/__init__.py": {"executed_lines": [1, 17, 18, 28, 29, 30, 33, 39, 40, 41, 43], "summary": {"covered_lines": 10, "num_statements": 10, "percent_covered": 100.0, "percent_covered_display": "100", "missing_lines": 0, "excluded_lines": 0}, "missing_lines": [], "excluded_lines": [], "functions": {"": {"executed_lines": [1, 17, 18, 28, 29, 30, 33, 39, 40, 41, 43], "summary": {"covered_lines": 10, "num_statements": 10, "percent_covered": 100.0, "percent_covered_display": "100", "missing_lines": 0, "excluded_lines": 0}, "missing_lines": [], "excluded_lines": []}}, "classes": {"": {"executed_lines": [1, 17, 18, 28, 29, 30, 33, 39, 40, 41, 43], "summary": {"covered_lines": 10, "num_statements": 10, "percent_covered": 100.0, "percent_covered_display": "100", "missing_lines": 0, "excluded_lines": 0}, "missing_lines": [], "excluded_lines": []}}}, "src/zenoo_rpc/batch/__init__.py": {"executed_lines": [1, 8, 9, 10, 11, 12, 14], "summary": {"covered_lines": 6, "num_statements": 6, "percent_covered": 100.0, "percent_covered_display": "100", "missing_lines": 0, "excluded_lines": 0}, "missing_lines": [], "excluded_lines": [], "functions": {"": {"executed_lines": [1, 8, 9, 10, 11, 12, 14], "summary": {"covered_lines": 6, "num_statements": 6, "percent_covered": 100.0, "percent_covered_display": "100", "missing_lines": 0, "excluded_lines": 0}, "missing_lines": [], "excluded_lines": []}}, "classes": {"": {"executed_lines": [1, 8, 9, 10, 11, 12, 14], "summary": {"covered_lines": 6, "num_statements": 6, "percent_covered": 100.0, "percent_covered_display": "100", "missing_lines": 0, "excluded_lines": 0}, "missing_lines": [], "excluded_lines": []}}}, "src/zenoo_rpc/batch/context.py": {"executed_lines": [1, 8, 9, 10, 12, 13, 16, 17, 46, 53, 55, 56, 59, 60, 70, 71, 121, 122, 134, 166, 177, 188, 196, 204, 256, 268, 269, 287, 293, 301, 310, 331, 339, 347], "summary": {"covered_lines": 31, "num_statements": 104, "percent_covered": 29.807692307692307, "percent_covered_display": "30", "missing_lines": 73, "excluded_lines": 0}, "missing_lines": [62, 64, 65, 66, 67, 99, 107, 108, 111, 112, 114, 115, 116, 117, 118, 151, 152, 153, 154, 155, 158, 159, 160, 163, 164, 172, 173, 175, 183, 184, 186, 194, 202, 213, 214, 216, 217, 220, 225, 226, 227, 233, 235, 241, 243, 250, 251, 253, 254, 262, 263, 265, 289, 290, 291, 299, 307, 308, 316, 317, 320, 321, 322, 323, 325, 326, 327, 328, 329, 337, 345, 349, 350], "excluded_lines": [], "functions": {"batch_context": {"executed_lines": [46, 53, 55, 56, 59, 60], "summary": {"covered_lines": 6, "num_statements": 11, "percent_covered": 54.54545454545455, "percent_covered_display": "55", "missing_lines": 5, "excluded_lines": 0}, "missing_lines": [62, 64, 65, 66, 67], "excluded_lines": []}, "batch_operation": {"executed_lines": [], "summary": {"covered_lines": 0, "num_statements": 10, "percent_covered": 0.0, "percent_covered_display": "0", "missing_lines": 10, "excluded_lines": 0}, "missing_lines": [99, 107, 108, 111, 112, 114, 115, 116, 117, 118], "excluded_lines": []}, "BatchOperationCollector.__init__": {"executed_lines": [], "summary": {"covered_lines": 0, "num_statements": 10, "percent_covered": 0.0, "percent_covered_display": "0", "missing_lines": 10, "excluded_lines": 0}, "missing_lines": [151, 152, 153, 154, 155, 158, 159, 160, 163, 164], "excluded_lines": []}, "BatchOperationCollector.add": {"executed_lines": [], "summary": {"covered_lines": 0, "num_statements": 3, "percent_covered": 0.0, "percent_covered_display": "0", "missing_lines": 3, "excluded_lines": 0}, "missing_lines": [172, 173, 175], "excluded_lines": []}, "BatchOperationCollector.add_many": {"executed_lines": [], "summary": {"covered_lines": 0, "num_statements": 3, "percent_covered": 0.0, "percent_covered_display": "0", "missing_lines": 3, "excluded_lines": 0}, "missing_lines": [183, 184, 186], "excluded_lines": []}, "BatchOperationCollector.has_data": {"executed_lines": [], "summary": {"covered_lines": 0, "num_statements": 1, "percent_covered": 0.0, "percent_covered_display": "0", "missing_lines": 1, "excluded_lines": 0}, "missing_lines": [194], "excluded_lines": []}, "BatchOperationCollector.get_count": {"executed_lines": [], "summary": {"covered_lines": 0, "num_statements": 1, "percent_covered": 0.0, "percent_covered_display": "0", "missing_lines": 1, "excluded_lines": 0}, "missing_lines": [202], "excluded_lines": []}, "BatchOperationCollector.execute": {"executed_lines": [], "summary": {"covered_lines": 0, "num_statements": 16, "percent_covered": 0.0, "percent_covered_display": "0", "missing_lines": 16, "excluded_lines": 0}, "missing_lines": [213, 214, 216, 217, 220, 225, 226, 227, 233, 235, 241, 243, 250, 251, 253, 254], "excluded_lines": []}, "BatchOperationCollector.clear": {"executed_lines": [], "summary": {"covered_lines": 0, "num_statements": 3, "percent_covered": 0.0, "percent_covered_display": "0", "missing_lines": 3, "excluded_lines": 0}, "missing_lines": [262, 263, 265], "excluded_lines": []}, "BatchProgressTracker.__init__": {"executed_lines": [], "summary": {"covered_lines": 0, "num_statements": 3, "percent_covered": 0.0, "percent_covered_display": "0", "missing_lines": 3, "excluded_lines": 0}, "missing_lines": [289, 290, 291], "excluded_lines": []}, "BatchProgressTracker.add_callback": {"executed_lines": [], "summary": {"covered_lines": 0, "num_statements": 1, "percent_covered": 0.0, "percent_covered_display": "0", "missing_lines": 1, "excluded_lines": 0}, "missing_lines": [299], "excluded_lines": []}, "BatchProgressTracker.remove_callback": {"executed_lines": [], "summary": {"covered_lines": 0, "num_statements": 2, "percent_covered": 0.0, "percent_covered_display": "0", "missing_lines": 2, "excluded_lines": 0}, "missing_lines": [307, 308], "excluded_lines": []}, "BatchProgressTracker.callback": {"executed_lines": [], "summary": {"covered_lines": 0, "num_statements": 11, "percent_covered": 0.0, "percent_covered_display": "0", "missing_lines": 11, "excluded_lines": 0}, "missing_lines": [316, 317, 320, 321, 322, 323, 325, 326, 327, 328, 329], "excluded_lines": []}, "BatchProgressTracker.get_current_progress": {"executed_lines": [], "summary": {"covered_lines": 0, "num_statements": 1, "percent_covered": 0.0, "percent_covered_display": "0", "missing_lines": 1, "excluded_lines": 0}, "missing_lines": [337], "excluded_lines": []}, "BatchProgressTracker.get_history": {"executed_lines": [], "summary": {"covered_lines": 0, "num_statements": 1, "percent_covered": 0.0, "percent_covered_display": "0", "missing_lines": 1, "excluded_lines": 0}, "missing_lines": [345], "excluded_lines": []}, "BatchProgressTracker.clear_history": {"executed_lines": [], "summary": {"covered_lines": 0, "num_statements": 2, "percent_covered": 0.0, "percent_covered_display": "0", "missing_lines": 2, "excluded_lines": 0}, "missing_lines": [349, 350], "excluded_lines": []}, "": {"executed_lines": [1, 8, 9, 10, 12, 13, 16, 17, 70, 71, 121, 122, 134, 166, 177, 188, 196, 204, 256, 268, 269, 287, 293, 301, 310, 331, 339, 347], "summary": {"covered_lines": 25, "num_statements": 25, "percent_covered": 100.0, "percent_covered_display": "100", "missing_lines": 0, "excluded_lines": 0}, "missing_lines": [], "excluded_lines": []}}, "classes": {"BatchOperationCollector": {"executed_lines": [], "summary": {"covered_lines": 0, "num_statements": 37, "percent_covered": 0.0, "percent_covered_display": "0", "missing_lines": 37, "excluded_lines": 0}, "missing_lines": [151, 152, 153, 154, 155, 158, 159, 160, 163, 164, 172, 173, 175, 183, 184, 186, 194, 202, 213, 214, 216, 217, 220, 225, 226, 227, 233, 235, 241, 243, 250, 251, 253, 254, 262, 263, 265], "excluded_lines": []}, "BatchProgressTracker": {"executed_lines": [], "summary": {"covered_lines": 0, "num_statements": 21, "percent_covered": 0.0, "percent_covered_display": "0", "missing_lines": 21, "excluded_lines": 0}, "missing_lines": [289, 290, 291, 299, 307, 308, 316, 317, 320, 321, 322, 323, 325, 326, 327, 328, 329, 337, 345, 349, 350], "excluded_lines": []}, "": {"executed_lines": [1, 8, 9, 10, 12, 13, 16, 17, 46, 53, 55, 56, 59, 60, 70, 71, 121, 122, 134, 166, 177, 188, 196, 204, 256, 268, 269, 287, 293, 301, 310, 331, 339, 347], "summary": {"covered_lines": 31, "num_statements": 46, "percent_covered": 67.3913043478261, "percent_covered_display": "67", "missing_lines": 15, "excluded_lines": 0}, "missing_lines": [62, 64, 65, 66, 67, 99, 107, 108, 111, 112, 114, 115, 116, 117, 118], "excluded_lines": []}}}, "src/zenoo_rpc/batch/exceptions.py": {"executed_lines": [1, 5, 8, 9, 11, 12, 13, 16, 17, 19, 26, 31, 32, 34, 35, 36, 39, 40, 41, 44, 45, 46], "summary": {"covered_lines": 16, "num_statements": 18, "percent_covered": 88.88888888888889, "percent_covered_display": "89", "missing_lines": 2, "excluded_lines": 0}, "missing_lines": [27, 28], "excluded_lines": [], "functions": {"BatchError.__init__": {"executed_lines": [12, 13], "summary": {"covered_lines": 2, "num_statements": 2, "percent_covered": 100.0, "percent_covered_display": "100", "missing_lines": 0, "excluded_lines": 0}, "missing_lines": [], "excluded_lines": []}, "BatchExecutionError.__init__": {"executed_lines": [26], "summary": {"covered_lines": 1, "num_statements": 3, "percent_covered": 33.333333333333336, "percent_covered_display": "33", "missing_lines": 2, "excluded_lines": 0}, "missing_lines": [27, 28], "excluded_lines": []}, "BatchValidationError.__init__": {"executed_lines": [35, 36], "summary": {"covered_lines": 2, "num_statements": 2, "percent_covered": 100.0, "percent_covered_display": "100", "missing_lines": 0, "excluded_lines": 0}, "missing_lines": [], "excluded_lines": []}, "": {"executed_lines": [1, 5, 8, 9, 11, 16, 17, 19, 31, 32, 34, 39, 40, 41, 44, 45, 46], "summary": {"covered_lines": 11, "num_statements": 11, "percent_covered": 100.0, "percent_covered_display": "100", "missing_lines": 0, "excluded_lines": 0}, "missing_lines": [], "excluded_lines": []}}, "classes": {"BatchError": {"executed_lines": [12, 13], "summary": {"covered_lines": 2, "num_statements": 2, "percent_covered": 100.0, "percent_covered_display": "100", "missing_lines": 0, "excluded_lines": 0}, "missing_lines": [], "excluded_lines": []}, "BatchExecutionError": {"executed_lines": [26], "summary": {"covered_lines": 1, "num_statements": 3, "percent_covered": 33.333333333333336, "percent_covered_display": "33", "missing_lines": 2, "excluded_lines": 0}, "missing_lines": [27, 28], "excluded_lines": []}, "BatchValidationError": {"executed_lines": [35, 36], "summary": {"covered_lines": 2, "num_statements": 2, "percent_covered": 100.0, "percent_covered_display": "100", "missing_lines": 0, "excluded_lines": 0}, "missing_lines": [], "excluded_lines": []}, "BatchSizeError": {"executed_lines": [], "summary": {"covered_lines": 0, "num_statements": 0, "percent_covered": 100.0, "percent_covered_display": "100", "missing_lines": 0, "excluded_lines": 0}, "missing_lines": [], "excluded_lines": []}, "BatchTimeoutError": {"executed_lines": [], "summary": {"covered_lines": 0, "num_statements": 0, "percent_covered": 100.0, "percent_covered_display": "100", "missing_lines": 0, "excluded_lines": 0}, "missing_lines": [], "excluded_lines": []}, "": {"executed_lines": [1, 5, 8, 9, 11, 16, 17, 19, 31, 32, 34, 39, 40, 41, 44, 45, 46], "summary": {"covered_lines": 11, "num_statements": 11, "percent_covered": 100.0, "percent_covered_display": "100", "missing_lines": 0, "excluded_lines": 0}, "missing_lines": [], "excluded_lines": []}}}, "src/zenoo_rpc/batch/executor.py": {"executed_lines": [1, 8, 9, 10, 11, 13, 14, 16, 19, 20, 37, 54, 55, 56, 57, 58, 61, 62, 72, 89, 93, 94, 95, 97, 99, 101, 104, 109, 110, 112, 114, 125, 134, 136, 137, 139, 140, 141, 143, 145, 146, 148, 163, 165, 166, 167, 170, 176, 177, 179, 180, 181, 182, 183, 186, 187, 188, 193, 194, 200, 211, 213, 222, 223, 224, 226, 228, 234, 237, 238, 239, 241, 274, 286, 287, 288, 289, 290, 291, 295, 304, 307, 309, 317, 318, 322, 324, 326, 327, 328, 329, 335, 336, 337, 340, 342, 351, 353, 355, 357, 363, 386, 395, 397, 404, 406], "summary": {"covered_lines": 104, "num_statements": 145, "percent_covered": 71.72413793103448, "percent_covered_display": "72", "missing_lines": 41, "excluded_lines": 0}, "missing_lines": [90, 120, 121, 122, 123, 190, 202, 203, 204, 205, 229, 251, 252, 253, 254, 256, 258, 259, 260, 261, 263, 264, 293, 320, 367, 369, 370, 371, 372, 373, 379, 380, 381, 384, 412, 414, 415, 418, 419, 420, 422], "excluded_lines": [], "functions": {"BatchExecutor.__init__": {"executed_lines": [54, 55, 56, 57, 58, 61, 62], "summary": {"covered_lines": 7, "num_statements": 7, "percent_covered": 100.0, "percent_covered_display": "100", "missing_lines": 0, "excluded_lines": 0}, "missing_lines": [], "excluded_lines": []}, "BatchExecutor.execute_operations": {"executed_lines": [89, 93, 94, 95, 97, 99, 101, 104, 109, 110, 112, 114], "summary": {"covered_lines": 12, "num_statements": 17, "percent_covered": 70.58823529411765, "percent_covered_display": "71", "missing_lines": 5, "excluded_lines": 0}, "missing_lines": [90, 120, 121, 122, 123], "excluded_lines": []}, "BatchExecutor._chunk_operations": {"executed_lines": [134, 136, 137, 139, 140, 141, 143, 145, 146], "summary": {"covered_lines": 9, "num_statements": 9, "percent_covered": 100.0, "percent_covered_display": "100", "missing_lines": 0, "excluded_lines": 0}, "missing_lines": [], "excluded_lines": []}, "BatchExecutor._execute_chunked_operations": {"executed_lines": [163, 165, 170, 176, 177, 179, 180, 181, 182, 183, 186, 187, 188, 193, 194, 200, 211], "summary": {"covered_lines": 17, "num_statements": 22, "percent_covered": 77.27272727272727, "percent_covered_display": "77", "missing_lines": 5, "excluded_lines": 0}, "missing_lines": [190, 202, 203, 204, 205], "excluded_lines": []}, "BatchExecutor._execute_chunked_operations.execute_with_semaphore": {"executed_lines": [166, 167], "summary": {"covered_lines": 2, "num_statements": 2, "percent_covered": 100.0, "percent_covered_display": "100", "missing_lines": 0, "excluded_lines": 0}, "missing_lines": [], "excluded_lines": []}, "BatchExecutor._execute_single_operation": {"executed_lines": [222, 223, 224, 226, 228, 234, 237, 238, 239, 241], "summary": {"covered_lines": 10, "num_statements": 22, "percent_covered": 45.45454545454545, "percent_covered_display": "45", "missing_lines": 12, "excluded_lines": 0}, "missing_lines": [229, 251, 252, 253, 254, 256, 258, 259, 260, 261, 263, 264], "excluded_lines": []}, "BatchExecutor._perform_operation": {"executed_lines": [286, 287, 288, 289, 290, 291], "summary": {"covered_lines": 6, "num_statements": 7, "percent_covered": 85.71428571428571, "percent_covered_display": "86", "missing_lines": 1, "excluded_lines": 0}, "missing_lines": [293], "excluded_lines": []}, "BatchExecutor._perform_create": {"executed_lines": [304, 307, 309, 317, 318, 322, 324, 326, 327, 328, 329, 335, 336, 337, 340], "summary": {"covered_lines": 15, "num_statements": 16, "percent_covered": 93.75, "percent_covered_display": "94", "missing_lines": 1, "excluded_lines": 0}, "missing_lines": [320], "excluded_lines": []}, "BatchExecutor._perform_update": {"executed_lines": [351, 353, 355, 357, 363], "summary": {"covered_lines": 5, "num_statements": 15, "percent_covered": 33.333333333333336, "percent_covered_display": "33", "missing_lines": 10, "excluded_lines": 0}, "missing_lines": [367, 369, 370, 371, 372, 373, 379, 380, 381, 384], "excluded_lines": []}, "BatchExecutor._perform_delete": {"executed_lines": [395, 397, 404], "summary": {"covered_lines": 3, "num_statements": 3, "percent_covered": 100.0, "percent_covered_display": "100", "missing_lines": 0, "excluded_lines": 0}, "missing_lines": [], "excluded_lines": []}, "BatchExecutor.get_stats": {"executed_lines": [], "summary": {"covered_lines": 0, "num_statements": 7, "percent_covered": 0.0, "percent_covered_display": "0", "missing_lines": 7, "excluded_lines": 0}, "missing_lines": [412, 414, 415, 418, 419, 420, 422], "excluded_lines": []}, "": {"executed_lines": [1, 8, 9, 10, 11, 13, 14, 16, 19, 20, 37, 72, 125, 148, 213, 274, 295, 342, 386, 406], "summary": {"covered_lines": 18, "num_statements": 18, "percent_covered": 100.0, "percent_covered_display": "100", "missing_lines": 0, "excluded_lines": 0}, "missing_lines": [], "excluded_lines": []}}, "classes": {"BatchExecutor": {"executed_lines": [54, 55, 56, 57, 58, 61, 62, 89, 93, 94, 95, 97, 99, 101, 104, 109, 110, 112, 114, 134, 136, 137, 139, 140, 141, 143, 145, 146, 163, 165, 166, 167, 170, 176, 177, 179, 180, 181, 182, 183, 186, 187, 188, 193, 194, 200, 211, 222, 223, 224, 226, 228, 234, 237, 238, 239, 241, 286, 287, 288, 289, 290, 291, 304, 307, 309, 317, 318, 322, 324, 326, 327, 328, 329, 335, 336, 337, 340, 351, 353, 355, 357, 363, 395, 397, 404], "summary": {"covered_lines": 86, "num_statements": 127, "percent_covered": 67.71653543307086, "percent_covered_display": "68", "missing_lines": 41, "excluded_lines": 0}, "missing_lines": [90, 120, 121, 122, 123, 190, 202, 203, 204, 205, 229, 251, 252, 253, 254, 256, 258, 259, 260, 261, 263, 264, 293, 320, 367, 369, 370, 371, 372, 373, 379, 380, 381, 384, 412, 414, 415, 418, 419, 420, 422], "excluded_lines": []}, "": {"executed_lines": [1, 8, 9, 10, 11, 13, 14, 16, 19, 20, 37, 72, 125, 148, 213, 274, 295, 342, 386, 406], "summary": {"covered_lines": 18, "num_statements": 18, "percent_covered": 100.0, "percent_covered_display": "100", "missing_lines": 0, "excluded_lines": 0}, "missing_lines": [], "excluded_lines": []}}}, "src/zenoo_rpc/batch/manager.py": {"executed_lines": [1, 8, 9, 10, 11, 12, 14, 18, 19, 21, 24, 25, 27, 28, 29, 30, 36, 38, 39, 40, 42, 44, 45, 46, 48, 50, 51, 52, 54, 56, 59, 60, 87, 102, 103, 104, 105, 108, 111, 119, 128, 129, 130, 132, 133, 135, 150, 153, 161, 164, 165, 167, 169, 170, 176, 177, 178, 180, 181, 183, 192, 210, 216, 223, 225, 226, 230, 250, 257, 264, 266, 267, 271, 289, 295, 302, 304, 305, 309, 320, 329, 330, 342, 349, 350, 351, 352, 353, 355, 373, 379, 381, 382, 384, 404, 411, 413, 414, 416, 434, 440, 442, 443, 445, 458, 473, 476, 479, 481, 483, 486, 490, 493, 494, 498, 501, 503, 504, 512, 518, 520, 526, 528], "summary": {"covered_lines": 119, "num_statements": 143, "percent_covered": 83.21678321678321, "percent_covered_display": "83", "missing_lines": 24, "excluded_lines": 0}, "missing_lines": [188, 189, 190, 228, 269, 307, 318, 326, 454, 455, 456, 474, 477, 496, 506, 507, 508, 509, 510, 534, 535, 537, 538, 539], "excluded_lines": [], "functions": {"BatchContext.__init__": {"executed_lines": [28, 29, 30], "summary": {"covered_lines": 3, "num_statements": 3, "percent_covered": 100.0, "percent_covered_display": "100", "missing_lines": 0, "excluded_lines": 0}, "missing_lines": [], "excluded_lines": []}, "BatchContext.create": {"executed_lines": [38, 39, 40], "summary": {"covered_lines": 3, "num_statements": 3, "percent_covered": 100.0, "percent_covered_display": "100", "missing_lines": 0, "excluded_lines": 0}, "missing_lines": [], "excluded_lines": []}, "BatchContext.update": {"executed_lines": [44, 45, 46], "summary": {"covered_lines": 3, "num_statements": 3, "percent_covered": 100.0, "percent_covered_display": "100", "missing_lines": 0, "excluded_lines": 0}, "missing_lines": [], "excluded_lines": []}, "BatchContext.delete": {"executed_lines": [50, 51, 52], "summary": {"covered_lines": 3, "num_statements": 3, "percent_covered": 100.0, "percent_covered_display": "100", "missing_lines": 0, "excluded_lines": 0}, "missing_lines": [], "excluded_lines": []}, "BatchContext.get_stats": {"executed_lines": [56], "summary": {"covered_lines": 1, "num_statements": 1, "percent_covered": 100.0, "percent_covered_display": "100", "missing_lines": 0, "excluded_lines": 0}, "missing_lines": [], "excluded_lines": []}, "BatchManager.__init__": {"executed_lines": [102, 103, 104, 105, 108, 111], "summary": {"covered_lines": 6, "num_statements": 6, "percent_covered": 100.0, "percent_covered_display": "100", "missing_lines": 0, "excluded_lines": 0}, "missing_lines": [], "excluded_lines": []}, "BatchManager.create_batch": {"executed_lines": [128, 129, 130, 132, 133], "summary": {"covered_lines": 5, "num_statements": 5, "percent_covered": 100.0, "percent_covered_display": "100", "missing_lines": 0, "excluded_lines": 0}, "missing_lines": [], "excluded_lines": []}, "BatchManager.execute_operations": {"executed_lines": [150, 153, 161, 164, 165, 167], "summary": {"covered_lines": 6, "num_statements": 6, "percent_covered": 100.0, "percent_covered_display": "100", "missing_lines": 0, "excluded_lines": 0}, "missing_lines": [], "excluded_lines": []}, "BatchManager.batch": {"executed_lines": [176, 177, 178, 180, 181, 183], "summary": {"covered_lines": 6, "num_statements": 9, "percent_covered": 66.66666666666667, "percent_covered_display": "67", "missing_lines": 3, "excluded_lines": 0}, "missing_lines": [188, 189, 190], "excluded_lines": []}, "BatchManager.bulk_create": {"executed_lines": [210, 216, 223, 225, 226], "summary": {"covered_lines": 5, "num_statements": 6, "percent_covered": 83.33333333333333, "percent_covered_display": "83", "missing_lines": 1, "excluded_lines": 0}, "missing_lines": [228], "excluded_lines": []}, "BatchManager.bulk_update": {"executed_lines": [250, 257, 264, 266, 267], "summary": {"covered_lines": 5, "num_statements": 6, "percent_covered": 83.33333333333333, "percent_covered_display": "83", "missing_lines": 1, "excluded_lines": 0}, "missing_lines": [269], "excluded_lines": []}, "BatchManager.bulk_delete": {"executed_lines": [289, 295, 302, 304, 305], "summary": {"covered_lines": 5, "num_statements": 6, "percent_covered": 83.33333333333333, "percent_covered_display": "83", "missing_lines": 1, "excluded_lines": 0}, "missing_lines": [307], "excluded_lines": []}, "BatchManager.get_batch": {"executed_lines": [], "summary": {"covered_lines": 0, "num_statements": 1, "percent_covered": 0.0, "percent_covered_display": "0", "missing_lines": 1, "excluded_lines": 0}, "missing_lines": [318], "excluded_lines": []}, "BatchManager.get_stats": {"executed_lines": [], "summary": {"covered_lines": 0, "num_statements": 1, "percent_covered": 0.0, "percent_covered_display": "0", "missing_lines": 1, "excluded_lines": 0}, "missing_lines": [326], "excluded_lines": []}, "Batch.__init__": {"executed_lines": [349, 350, 351, 352, 353], "summary": {"covered_lines": 5, "num_statements": 5, "percent_covered": 100.0, "percent_covered_display": "100", "missing_lines": 0, "excluded_lines": 0}, "missing_lines": [], "excluded_lines": []}, "Batch.create": {"executed_lines": [373, 379, 381, 382], "summary": {"covered_lines": 4, "num_statements": 4, "percent_covered": 100.0, "percent_covered_display": "100", "missing_lines": 0, "excluded_lines": 0}, "missing_lines": [], "excluded_lines": []}, "Batch.update": {"executed_lines": [404, 411, 413, 414], "summary": {"covered_lines": 4, "num_statements": 4, "percent_covered": 100.0, "percent_covered_display": "100", "missing_lines": 0, "excluded_lines": 0}, "missing_lines": [], "excluded_lines": []}, "Batch.delete": {"executed_lines": [434, 440, 442, 443], "summary": {"covered_lines": 4, "num_statements": 4, "percent_covered": 100.0, "percent_covered_display": "100", "missing_lines": 0, "excluded_lines": 0}, "missing_lines": [], "excluded_lines": []}, "Batch.add_operation": {"executed_lines": [], "summary": {"covered_lines": 0, "num_statements": 3, "percent_covered": 0.0, "percent_covered_display": "0", "missing_lines": 3, "excluded_lines": 0}, "missing_lines": [454, 455, 456], "excluded_lines": []}, "Batch.execute": {"executed_lines": [473, 476, 479, 481, 483, 486, 490, 493, 494, 498, 501, 503, 504], "summary": {"covered_lines": 13, "num_statements": 21, "percent_covered": 61.904761904761905, "percent_covered_display": "62", "missing_lines": 8, "excluded_lines": 0}, "missing_lines": [474, 477, 496, 506, 507, 508, 509, 510], "excluded_lines": []}, "Batch.get_operation_count": {"executed_lines": [518], "summary": {"covered_lines": 1, "num_statements": 1, "percent_covered": 100.0, "percent_covered_display": "100", "missing_lines": 0, "excluded_lines": 0}, "missing_lines": [], "excluded_lines": []}, "Batch.get_record_count": {"executed_lines": [526], "summary": {"covered_lines": 1, "num_statements": 1, "percent_covered": 100.0, "percent_covered_display": "100", "missing_lines": 0, "excluded_lines": 0}, "missing_lines": [], "excluded_lines": []}, "Batch.clear": {"executed_lines": [], "summary": {"covered_lines": 0, "num_statements": 5, "percent_covered": 0.0, "percent_covered_display": "0", "missing_lines": 5, "excluded_lines": 0}, "missing_lines": [534, 535, 537, 538, 539], "excluded_lines": []}, "": {"executed_lines": [1, 8, 9, 10, 11, 12, 14, 18, 19, 21, 24, 25, 27, 36, 42, 48, 54, 59, 60, 87, 119, 135, 169, 170, 192, 230, 271, 309, 320, 329, 330, 342, 355, 384, 416, 445, 458, 512, 520, 528], "summary": {"covered_lines": 36, "num_statements": 36, "percent_covered": 100.0, "percent_covered_display": "100", "missing_lines": 0, "excluded_lines": 0}, "missing_lines": [], "excluded_lines": []}}, "classes": {"BatchContext": {"executed_lines": [28, 29, 30, 38, 39, 40, 44, 45, 46, 50, 51, 52, 56], "summary": {"covered_lines": 13, "num_statements": 13, "percent_covered": 100.0, "percent_covered_display": "100", "missing_lines": 0, "excluded_lines": 0}, "missing_lines": [], "excluded_lines": []}, "BatchManager": {"executed_lines": [102, 103, 104, 105, 108, 111, 128, 129, 130, 132, 133, 150, 153, 161, 164, 165, 167, 176, 177, 178, 180, 181, 183, 210, 216, 223, 225, 226, 250, 257, 264, 266, 267, 289, 295, 302, 304, 305], "summary": {"covered_lines": 38, "num_statements": 46, "percent_covered": 82.6086956521739, "percent_covered_display": "83", "missing_lines": 8, "excluded_lines": 0}, "missing_lines": [188, 189, 190, 228, 269, 307, 318, 326], "excluded_lines": []}, "Batch": {"executed_lines": [349, 350, 351, 352, 353, 373, 379, 381, 382, 404, 411, 413, 414, 434, 440, 442, 443, 473, 476, 479, 481, 483, 486, 490, 493, 494, 498, 501, 503, 504, 518, 526], "summary": {"covered_lines": 32, "num_statements": 48, "percent_covered": 66.66666666666667, "percent_covered_display": "67", "missing_lines": 16, "excluded_lines": 0}, "missing_lines": [454, 455, 456, 474, 477, 496, 506, 507, 508, 509, 510, 534, 535, 537, 538, 539], "excluded_lines": []}, "": {"executed_lines": [1, 8, 9, 10, 11, 12, 14, 18, 19, 21, 24, 25, 27, 36, 42, 48, 54, 59, 60, 87, 119, 135, 169, 170, 192, 230, 271, 309, 320, 329, 330, 342, 355, 384, 416, 445, 458, 512, 520, 528], "summary": {"covered_lines": 36, "num_statements": 36, "percent_covered": 100.0, "percent_covered_display": "100", "missing_lines": 0, "excluded_lines": 0}, "missing_lines": [], "excluded_lines": []}}}, "src/zenoo_rpc/batch/operations.py": {"executed_lines": [1, 8, 9, 10, 11, 12, 14, 17, 18, 19, 20, 21, 22, 25, 26, 27, 28, 29, 30, 31, 34, 35, 36, 42, 43, 44, 45, 46, 47, 48, 51, 52, 53, 54, 55, 57, 59, 61, 62, 66, 67, 71, 72, 76, 78, 80, 84, 86, 87, 88, 91, 92, 93, 108, 109, 111, 113, 114, 116, 119, 123, 124, 127, 130, 132, 134, 136, 139, 140, 141, 142, 149, 151, 154, 155, 156, 179, 180, 182, 184, 187, 189, 192, 195, 198, 200, 203, 204, 207, 210, 216, 218, 219, 221, 223, 225, 227, 230, 231, 232, 233, 240, 242, 246, 249, 250, 251, 252, 258, 260, 263, 264, 265, 277, 279, 281, 284, 287, 291, 292, 295, 297, 299, 301, 304, 305, 306, 307, 313, 315, 318, 338, 340, 341, 346, 347, 362, 371, 374, 375, 376, 381, 384, 394, 395, 396, 397, 398, 401, 403, 404, 406, 408], "summary": {"covered_lines": 146, "num_statements": 177, "percent_covered": 82.48587570621469, "percent_covered_display": "82", "missing_lines": 31, "excluded_lines": 0}, "missing_lines": [64, 69, 74, 82, 117, 120, 125, 128, 137, 185, 190, 193, 196, 201, 205, 208, 211, 214, 228, 247, 282, 285, 288, 293, 302, 352, 353, 359, 372, 377, 378], "excluded_lines": [], "functions": {"BatchOperation.__post_init__": {"executed_lines": [59], "summary": {"covered_lines": 1, "num_statements": 1, "percent_covered": 100.0, "percent_covered_display": "100", "missing_lines": 0, "excluded_lines": 0}, "missing_lines": [], "excluded_lines": []}, "BatchOperation.validate": {"executed_lines": [], "summary": {"covered_lines": 0, "num_statements": 1, "percent_covered": 0.0, "percent_covered_display": "0", "missing_lines": 1, "excluded_lines": 0}, "missing_lines": [64], "excluded_lines": []}, "BatchOperation.get_batch_size": {"executed_lines": [], "summary": {"covered_lines": 0, "num_statements": 1, "percent_covered": 0.0, "percent_covered_display": "0", "missing_lines": 1, "excluded_lines": 0}, "missing_lines": [69], "excluded_lines": []}, "BatchOperation.split": {"executed_lines": [], "summary": {"covered_lines": 0, "num_statements": 1, "percent_covered": 0.0, "percent_covered_display": "0", "missing_lines": 1, "excluded_lines": 0}, "missing_lines": [74], "excluded_lines": []}, "BatchOperation.is_completed": {"executed_lines": [78], "summary": {"covered_lines": 1, "num_statements": 1, "percent_covered": 100.0, "percent_covered_display": "100", "missing_lines": 0, "excluded_lines": 0}, "missing_lines": [], "excluded_lines": []}, "BatchOperation.is_successful": {"executed_lines": [], "summary": {"covered_lines": 0, "num_statements": 1, "percent_covered": 0.0, "percent_covered_display": "0", "missing_lines": 1, "excluded_lines": 0}, "missing_lines": [82], "excluded_lines": []}, "BatchOperation.get_duration": {"executed_lines": [86, 87, 88], "summary": {"covered_lines": 3, "num_statements": 3, "percent_covered": 100.0, "percent_covered_display": "100", "missing_lines": 0, "excluded_lines": 0}, "missing_lines": [], "excluded_lines": []}, "CreateOperation.validate": {"executed_lines": [113, 114, 116, 119, 123, 124, 127], "summary": {"covered_lines": 7, "num_statements": 11, "percent_covered": 63.63636363636363, "percent_covered_display": "64", "missing_lines": 4, "excluded_lines": 0}, "missing_lines": [117, 120, 125, 128], "excluded_lines": []}, "CreateOperation.get_batch_size": {"executed_lines": [132], "summary": {"covered_lines": 1, "num_statements": 1, "percent_covered": 100.0, "percent_covered_display": "100", "missing_lines": 0, "excluded_lines": 0}, "missing_lines": [], "excluded_lines": []}, "CreateOperation.split": {"executed_lines": [136, 139, 140, 141, 142, 149, 151], "summary": {"covered_lines": 7, "num_statements": 8, "percent_covered": 87.5, "percent_covered_display": "88", "missing_lines": 1, "excluded_lines": 0}, "missing_lines": [137], "excluded_lines": []}, "UpdateOperation.validate": {"executed_lines": [184, 187, 189, 192, 195, 198, 200, 203, 204, 207, 210], "summary": {"covered_lines": 11, "num_statements": 20, "percent_covered": 55.0, "percent_covered_display": "55", "missing_lines": 9, "excluded_lines": 0}, "missing_lines": [185, 190, 193, 196, 201, 205, 208, 211, 214], "excluded_lines": []}, "UpdateOperation.get_batch_size": {"executed_lines": [218, 219, 221], "summary": {"covered_lines": 3, "num_statements": 3, "percent_covered": 100.0, "percent_covered_display": "100", "missing_lines": 0, "excluded_lines": 0}, "missing_lines": [], "excluded_lines": []}, "UpdateOperation.split": {"executed_lines": [225, 227, 230, 231, 232, 233, 240, 242, 246, 249, 250, 251, 252, 258, 260], "summary": {"covered_lines": 15, "num_statements": 17, "percent_covered": 88.23529411764706, "percent_covered_display": "88", "missing_lines": 2, "excluded_lines": 0}, "missing_lines": [228, 247], "excluded_lines": []}, "DeleteOperation.validate": {"executed_lines": [281, 284, 287, 291, 292], "summary": {"covered_lines": 5, "num_statements": 9, "percent_covered": 55.55555555555556, "percent_covered_display": "56", "missing_lines": 4, "excluded_lines": 0}, "missing_lines": [282, 285, 288, 293], "excluded_lines": []}, "DeleteOperation.get_batch_size": {"executed_lines": [297], "summary": {"covered_lines": 1, "num_statements": 1, "percent_covered": 100.0, "percent_covered_display": "100", "missing_lines": 0, "excluded_lines": 0}, "missing_lines": [], "excluded_lines": []}, "DeleteOperation.split": {"executed_lines": [301, 304, 305, 306, 307, 313, 315], "summary": {"covered_lines": 7, "num_statements": 8, "percent_covered": 87.5, "percent_covered_display": "88", "missing_lines": 1, "excluded_lines": 0}, "missing_lines": [302], "excluded_lines": []}, "create_batch_operation": {"executed_lines": [338, 340, 341, 346, 347], "summary": {"covered_lines": 5, "num_statements": 8, "percent_covered": 62.5, "percent_covered_display": "62", "missing_lines": 3, "excluded_lines": 0}, "missing_lines": [352, 353, 359], "excluded_lines": []}, "validate_batch_operations": {"executed_lines": [371, 374, 375, 376, 381], "summary": {"covered_lines": 5, "num_statements": 8, "percent_covered": 62.5, "percent_covered_display": "62", "missing_lines": 3, "excluded_lines": 0}, "missing_lines": [372, 377, 378], "excluded_lines": []}, "_check_operation_conflicts": {"executed_lines": [394, 395, 396, 397, 398, 401, 403, 404, 406, 408], "summary": {"covered_lines": 10, "num_statements": 10, "percent_covered": 100.0, "percent_covered_display": "100", "missing_lines": 0, "excluded_lines": 0}, "missing_lines": [], "excluded_lines": []}, "": {"executed_lines": [1, 8, 9, 10, 11, 12, 14, 17, 18, 19, 20, 21, 22, 25, 26, 27, 28, 29, 30, 31, 34, 35, 36, 42, 43, 44, 45, 46, 47, 48, 51, 52, 53, 54, 55, 57, 61, 62, 66, 67, 71, 72, 76, 80, 84, 91, 92, 93, 108, 109, 111, 130, 134, 154, 155, 156, 179, 180, 182, 216, 223, 263, 264, 265, 277, 279, 295, 299, 318, 362, 384], "summary": {"covered_lines": 64, "num_statements": 64, "percent_covered": 100.0, "percent_covered_display": "100", "missing_lines": 0, "excluded_lines": 0}, "missing_lines": [], "excluded_lines": []}}, "classes": {"OperationType": {"executed_lines": [], "summary": {"covered_lines": 0, "num_statements": 0, "percent_covered": 100.0, "percent_covered_display": "100", "missing_lines": 0, "excluded_lines": 0}, "missing_lines": [], "excluded_lines": []}, "OperationStatus": {"executed_lines": [], "summary": {"covered_lines": 0, "num_statements": 0, "percent_covered": 100.0, "percent_covered_display": "100", "missing_lines": 0, "excluded_lines": 0}, "missing_lines": [], "excluded_lines": []}, "BatchOperation": {"executed_lines": [59, 78, 86, 87, 88], "summary": {"covered_lines": 5, "num_statements": 9, "percent_covered": 55.55555555555556, "percent_covered_display": "56", "missing_lines": 4, "excluded_lines": 0}, "missing_lines": [64, 69, 74, 82], "excluded_lines": []}, "CreateOperation": {"executed_lines": [113, 114, 116, 119, 123, 124, 127, 132, 136, 139, 140, 141, 142, 149, 151], "summary": {"covered_lines": 15, "num_statements": 20, "percent_covered": 75.0, "percent_covered_display": "75", "missing_lines": 5, "excluded_lines": 0}, "missing_lines": [117, 120, 125, 128, 137], "excluded_lines": []}, "UpdateOperation": {"executed_lines": [184, 187, 189, 192, 195, 198, 200, 203, 204, 207, 210, 218, 219, 221, 225, 227, 230, 231, 232, 233, 240, 242, 246, 249, 250, 251, 252, 258, 260], "summary": {"covered_lines": 29, "num_statements": 40, "percent_covered": 72.5, "percent_covered_display": "72", "missing_lines": 11, "excluded_lines": 0}, "missing_lines": [185, 190, 193, 196, 201, 205, 208, 211, 214, 228, 247], "excluded_lines": []}, "DeleteOperation": {"executed_lines": [281, 284, 287, 291, 292, 297, 301, 304, 305, 306, 307, 313, 315], "summary": {"covered_lines": 13, "num_statements": 18, "percent_covered": 72.22222222222223, "percent_covered_display": "72", "missing_lines": 5, "excluded_lines": 0}, "missing_lines": [282, 285, 288, 293, 302], "excluded_lines": []}, "": {"executed_lines": [1, 8, 9, 10, 11, 12, 14, 17, 18, 19, 20, 21, 22, 25, 26, 27, 28, 29, 30, 31, 34, 35, 36, 42, 43, 44, 45, 46, 47, 48, 51, 52, 53, 54, 55, 57, 61, 62, 66, 67, 71, 72, 76, 80, 84, 91, 92, 93, 108, 109, 111, 130, 134, 154, 155, 156, 179, 180, 182, 216, 223, 263, 264, 265, 277, 279, 295, 299, 318, 338, 340, 341, 346, 347, 362, 371, 374, 375, 376, 381, 384, 394, 395, 396, 397, 398, 401, 403, 404, 406, 408], "summary": {"covered_lines": 84, "num_statements": 90, "percent_covered": 93.33333333333333, "percent_covered_display": "93", "missing_lines": 6, "excluded_lines": 0}, "missing_lines": [352, 353, 359, 372, 377, 378], "excluded_lines": []}}}, "src/zenoo_rpc/cache/__init__.py": {"executed_lines": [1, 8, 9, 10, 11, 12, 13, 15], "summary": {"covered_lines": 7, "num_statements": 7, "percent_covered": 100.0, "percent_covered_display": "100", "missing_lines": 0, "excluded_lines": 0}, "missing_lines": [], "excluded_lines": [], "functions": {"": {"executed_lines": [1, 8, 9, 10, 11, 12, 13, 15], "summary": {"covered_lines": 7, "num_statements": 7, "percent_covered": 100.0, "percent_covered_display": "100", "missing_lines": 0, "excluded_lines": 0}, "missing_lines": [], "excluded_lines": []}}, "classes": {"": {"executed_lines": [1, 8, 9, 10, 11, 12, 13, 15], "summary": {"covered_lines": 7, "num_statements": 7, "percent_covered": 100.0, "percent_covered_display": "100", "missing_lines": 0, "excluded_lines": 0}, "missing_lines": [], "excluded_lines": []}}}, "src/zenoo_rpc/cache/backends.py": {"executed_lines": [1, 8, 9, 10, 11, 12, 13, 14, 15, 17, 18, 20, 23, 24, 30, 31, 42, 43, 61, 62, 73, 74, 85, 86, 94, 95, 104, 105, 122, 135, 136, 137, 140, 141, 144, 145, 146, 147, 150, 151, 154, 156, 158, 159, 161, 163, 164, 165, 167, 169, 172, 188, 190, 192, 193, 194, 196, 198, 200, 202, 203, 204, 207, 208, 210, 211, 212, 213, 216, 217, 219, 220, 222, 229, 231, 233, 236, 239, 240, 241, 242, 246, 247, 249, 251, 253, 254, 255, 256, 258, 259, 261, 263, 265, 266, 268, 270, 271, 272, 273, 275, 277, 278, 279, 281, 293, 303, 304, 323, 340, 341, 342, 343, 344, 347, 348, 351, 352, 353, 354, 355, 357, 359, 361, 364, 374, 381, 382, 384, 394, 396, 398, 400, 401, 402, 410, 412, 413, 414, 422, 424, 427, 429, 430, 431, 433, 434, 435, 436, 437, 439, 440, 441, 448, 455, 456, 457, 459, 460, 462, 463, 467, 468, 475, 477, 478, 479, 481, 482, 483, 484, 485, 493, 495, 496, 497, 499, 500, 501, 508, 527, 529, 530, 532, 546, 547, 548, 549, 557, 559, 561, 562, 564, 566, 567, 574], "summary": {"covered_lines": 192, "num_statements": 266, "percent_covered": 72.18045112781955, "percent_covered_display": "72", "missing_lines": 74, "excluded_lines": 0}, "missing_lines": [40, 59, 71, 83, 92, 101, 166, 168, 170, 174, 175, 176, 181, 182, 183, 185, 186, 244, 295, 296, 297, 298, 299, 300, 366, 386, 387, 391, 392, 403, 404, 406, 407, 408, 415, 416, 418, 419, 420, 425, 443, 444, 445, 446, 465, 470, 471, 472, 473, 486, 488, 489, 490, 491, 503, 504, 505, 506, 510, 512, 514, 515, 517, 518, 520, 522, 523, 524, 525, 554, 555, 570, 571, 572], "excluded_lines": [], "functions": {"CacheBackend.get": {"executed_lines": [], "summary": {"covered_lines": 0, "num_statements": 1, "percent_covered": 0.0, "percent_covered_display": "0", "missing_lines": 1, "excluded_lines": 0}, "missing_lines": [40], "excluded_lines": []}, "CacheBackend.set": {"executed_lines": [], "summary": {"covered_lines": 0, "num_statements": 1, "percent_covered": 0.0, "percent_covered_display": "0", "missing_lines": 1, "excluded_lines": 0}, "missing_lines": [59], "excluded_lines": []}, "CacheBackend.delete": {"executed_lines": [], "summary": {"covered_lines": 0, "num_statements": 1, "percent_covered": 0.0, "percent_covered_display": "0", "missing_lines": 1, "excluded_lines": 0}, "missing_lines": [71], "excluded_lines": []}, "CacheBackend.exists": {"executed_lines": [], "summary": {"covered_lines": 0, "num_statements": 1, "percent_covered": 0.0, "percent_covered_display": "0", "missing_lines": 1, "excluded_lines": 0}, "missing_lines": [83], "excluded_lines": []}, "CacheBackend.clear": {"executed_lines": [], "summary": {"covered_lines": 0, "num_statements": 1, "percent_covered": 0.0, "percent_covered_display": "0", "missing_lines": 1, "excluded_lines": 0}, "missing_lines": [92], "excluded_lines": []}, "CacheBackend.get_stats": {"executed_lines": [], "summary": {"covered_lines": 0, "num_statements": 1, "percent_covered": 0.0, "percent_covered_display": "0", "missing_lines": 1, "excluded_lines": 0}, "missing_lines": [101], "excluded_lines": []}, "MemoryCache.__init__": {"executed_lines": [135, 136, 137, 140, 141, 144, 145, 146, 147, 150, 151, 154], "summary": {"covered_lines": 12, "num_statements": 12, "percent_covered": 100.0, "percent_covered_display": "100", "missing_lines": 0, "excluded_lines": 0}, "missing_lines": [], "excluded_lines": []}, "MemoryCache._start_cleanup_task": {"executed_lines": [158, 159], "summary": {"covered_lines": 2, "num_statements": 2, "percent_covered": 100.0, "percent_covered_display": "100", "missing_lines": 0, "excluded_lines": 0}, "missing_lines": [], "excluded_lines": []}, "MemoryCache._cleanup_expired": {"executed_lines": [163, 164, 165, 167, 169], "summary": {"covered_lines": 5, "num_statements": 8, "percent_covered": 62.5, "percent_covered_display": "62", "missing_lines": 3, "excluded_lines": 0}, "missing_lines": [166, 168, 170], "excluded_lines": []}, "MemoryCache._remove_expired": {"executed_lines": [], "summary": {"covered_lines": 0, "num_statements": 8, "percent_covered": 0.0, "percent_covered_display": "0", "missing_lines": 8, "excluded_lines": 0}, "missing_lines": [174, 175, 176, 181, 182, 183, 185, 186], "excluded_lines": []}, "MemoryCache._evict_lru": {"executed_lines": [190, 192, 193, 194], "summary": {"covered_lines": 4, "num_statements": 4, "percent_covered": 100.0, "percent_covered_display": "100", "missing_lines": 0, "excluded_lines": 0}, "missing_lines": [], "excluded_lines": []}, "MemoryCache.get": {"executed_lines": [198, 200, 202, 203, 204, 207, 208, 210, 211, 212, 213, 216, 217, 219, 220], "summary": {"covered_lines": 15, "num_statements": 15, "percent_covered": 100.0, "percent_covered_display": "100", "missing_lines": 0, "excluded_lines": 0}, "missing_lines": [], "excluded_lines": []}, "MemoryCache.set": {"executed_lines": [229, 231, 233, 236, 239, 240, 241, 242, 246, 247], "summary": {"covered_lines": 10, "num_statements": 11, "percent_covered": 90.9090909090909, "percent_covered_display": "91", "missing_lines": 1, "excluded_lines": 0}, "missing_lines": [244], "excluded_lines": []}, "MemoryCache.delete": {"executed_lines": [251, 253, 254, 255, 256, 258, 259, 261], "summary": {"covered_lines": 8, "num_statements": 8, "percent_covered": 100.0, "percent_covered_display": "100", "missing_lines": 0, "excluded_lines": 0}, "missing_lines": [], "excluded_lines": []}, "MemoryCache.exists": {"executed_lines": [265, 266], "summary": {"covered_lines": 2, "num_statements": 2, "percent_covered": 100.0, "percent_covered_display": "100", "missing_lines": 0, "excluded_lines": 0}, "missing_lines": [], "excluded_lines": []}, "MemoryCache.clear": {"executed_lines": [270, 271, 272, 273], "summary": {"covered_lines": 4, "num_statements": 4, "percent_covered": 100.0, "percent_covered_display": "100", "missing_lines": 0, "excluded_lines": 0}, "missing_lines": [], "excluded_lines": []}, "MemoryCache.get_stats": {"executed_lines": [277, 278, 279, 281], "summary": {"covered_lines": 4, "num_statements": 4, "percent_covered": 100.0, "percent_covered_display": "100", "missing_lines": 0, "excluded_lines": 0}, "missing_lines": [], "excluded_lines": []}, "MemoryCache.close": {"executed_lines": [], "summary": {"covered_lines": 0, "num_statements": 6, "percent_covered": 0.0, "percent_covered_display": "0", "missing_lines": 6, "excluded_lines": 0}, "missing_lines": [295, 296, 297, 298, 299, 300], "excluded_lines": []}, "RedisCache.__init__": {"executed_lines": [340, 341, 342, 343, 344, 347, 348, 351, 352, 353, 354, 355], "summary": {"covered_lines": 12, "num_statements": 12, "percent_covered": 100.0, "percent_covered_display": "100", "missing_lines": 0, "excluded_lines": 0}, "missing_lines": [], "excluded_lines": []}, "RedisCache.connect": {"executed_lines": [359, 361, 364, 374, 381, 382, 384], "summary": {"covered_lines": 7, "num_statements": 12, "percent_covered": 58.333333333333336, "percent_covered_display": "58", "missing_lines": 5, "excluded_lines": 0}, "missing_lines": [366, 386, 387, 391, 392], "excluded_lines": []}, "RedisCache._make_key": {"executed_lines": [396], "summary": {"covered_lines": 1, "num_statements": 1, "percent_covered": 100.0, "percent_covered_display": "100", "missing_lines": 0, "excluded_lines": 0}, "missing_lines": [], "excluded_lines": []}, "RedisCache._serialize": {"executed_lines": [400, 401, 402], "summary": {"covered_lines": 3, "num_statements": 8, "percent_covered": 37.5, "percent_covered_display": "38", "missing_lines": 5, "excluded_lines": 0}, "missing_lines": [403, 404, 406, 407, 408], "excluded_lines": []}, "RedisCache._deserialize": {"executed_lines": [412, 413, 414], "summary": {"covered_lines": 3, "num_statements": 8, "percent_covered": 37.5, "percent_covered_display": "38", "missing_lines": 5, "excluded_lines": 0}, "missing_lines": [415, 416, 418, 419, 420], "excluded_lines": []}, "RedisCache._ensure_connected": {"executed_lines": [424], "summary": {"covered_lines": 1, "num_statements": 2, "percent_covered": 50.0, "percent_covered_display": "50", "missing_lines": 1, "excluded_lines": 0}, "missing_lines": [425], "excluded_lines": []}, "RedisCache.get": {"executed_lines": [429, 430, 431, 433, 434, 435, 436, 437, 439, 440, 441], "summary": {"covered_lines": 11, "num_statements": 15, "percent_covered": 73.33333333333333, "percent_covered_display": "73", "missing_lines": 4, "excluded_lines": 0}, "missing_lines": [443, 444, 445, 446], "excluded_lines": []}, "RedisCache.set": {"executed_lines": [455, 456, 457, 459, 460, 462, 463, 467, 468], "summary": {"covered_lines": 9, "num_statements": 14, "percent_covered": 64.28571428571429, "percent_covered_display": "64", "missing_lines": 5, "excluded_lines": 0}, "missing_lines": [465, 470, 471, 472, 473], "excluded_lines": []}, "RedisCache.delete": {"executed_lines": [477, 478, 479, 481, 482, 483, 484, 485], "summary": {"covered_lines": 8, "num_statements": 13, "percent_covered": 61.53846153846154, "percent_covered_display": "62", "missing_lines": 5, "excluded_lines": 0}, "missing_lines": [486, 488, 489, 490, 491], "excluded_lines": []}, "RedisCache.exists": {"executed_lines": [495, 496, 497, 499, 500, 501], "summary": {"covered_lines": 6, "num_statements": 10, "percent_covered": 60.0, "percent_covered_display": "60", "missing_lines": 4, "excluded_lines": 0}, "missing_lines": [503, 504, 505, 506], "excluded_lines": []}, "RedisCache.clear": {"executed_lines": [], "summary": {"covered_lines": 0, "num_statements": 11, "percent_covered": 0.0, "percent_covered_display": "0", "missing_lines": 11, "excluded_lines": 0}, "missing_lines": [510, 512, 514, 515, 517, 518, 520, 522, 523, 524, 525], "excluded_lines": []}, "RedisCache.get_stats": {"executed_lines": [529, 530, 532, 546, 547, 548, 549, 557], "summary": {"covered_lines": 8, "num_statements": 10, "percent_covered": 80.0, "percent_covered_display": "80", "missing_lines": 2, "excluded_lines": 0}, "missing_lines": [554, 555], "excluded_lines": []}, "RedisCache.close": {"executed_lines": [561, 562, 564, 566, 567, 574], "summary": {"covered_lines": 6, "num_statements": 9, "percent_covered": 66.66666666666667, "percent_covered_display": "67", "missing_lines": 3, "excluded_lines": 0}, "missing_lines": [570, 571, 572], "excluded_lines": []}, "": {"executed_lines": [1, 8, 9, 10, 11, 12, 13, 14, 15, 17, 18, 20, 23, 24, 30, 31, 42, 43, 61, 62, 73, 74, 85, 86, 94, 95, 104, 105, 122, 156, 161, 172, 188, 196, 222, 249, 263, 268, 275, 293, 303, 304, 323, 357, 394, 398, 410, 422, 427, 448, 475, 493, 508, 527, 559], "summary": {"covered_lines": 51, "num_statements": 51, "percent_covered": 100.0, "percent_covered_display": "100", "missing_lines": 0, "excluded_lines": 0}, "missing_lines": [], "excluded_lines": []}}, "classes": {"CacheBackend": {"executed_lines": [], "summary": {"covered_lines": 0, "num_statements": 6, "percent_covered": 0.0, "percent_covered_display": "0", "missing_lines": 6, "excluded_lines": 0}, "missing_lines": [40, 59, 71, 83, 92, 101], "excluded_lines": []}, "MemoryCache": {"executed_lines": [135, 136, 137, 140, 141, 144, 145, 146, 147, 150, 151, 154, 158, 159, 163, 164, 165, 167, 169, 190, 192, 193, 194, 198, 200, 202, 203, 204, 207, 208, 210, 211, 212, 213, 216, 217, 219, 220, 229, 231, 233, 236, 239, 240, 241, 242, 246, 247, 251, 253, 254, 255, 256, 258, 259, 261, 265, 266, 270, 271, 272, 273, 277, 278, 279, 281], "summary": {"covered_lines": 66, "num_statements": 84, "percent_covered": 78.57142857142857, "percent_covered_display": "79", "missing_lines": 18, "excluded_lines": 0}, "missing_lines": [166, 168, 170, 174, 175, 176, 181, 182, 183, 185, 186, 244, 295, 296, 297, 298, 299, 300], "excluded_lines": []}, "RedisCache": {"executed_lines": [340, 341, 342, 343, 344, 347, 348, 351, 352, 353, 354, 355, 359, 361, 364, 374, 381, 382, 384, 396, 400, 401, 402, 412, 413, 414, 424, 429, 430, 431, 433, 434, 435, 436, 437, 439, 440, 441, 455, 456, 457, 459, 460, 462, 463, 467, 468, 477, 478, 479, 481, 482, 483, 484, 485, 495, 496, 497, 499, 500, 501, 529, 530, 532, 546, 547, 548, 549, 557, 561, 562, 564, 566, 567, 574], "summary": {"covered_lines": 75, "num_statements": 125, "percent_covered": 60.0, "percent_covered_display": "60", "missing_lines": 50, "excluded_lines": 0}, "missing_lines": [366, 386, 387, 391, 392, 403, 404, 406, 407, 408, 415, 416, 418, 419, 420, 425, 443, 444, 445, 446, 465, 470, 471, 472, 473, 486, 488, 489, 490, 491, 503, 504, 505, 506, 510, 512, 514, 515, 517, 518, 520, 522, 523, 524, 525, 554, 555, 570, 571, 572], "excluded_lines": []}, "": {"executed_lines": [1, 8, 9, 10, 11, 12, 13, 14, 15, 17, 18, 20, 23, 24, 30, 31, 42, 43, 61, 62, 73, 74, 85, 86, 94, 95, 104, 105, 122, 156, 161, 172, 188, 196, 222, 249, 263, 268, 275, 293, 303, 304, 323, 357, 394, 398, 410, 422, 427, 448, 475, 493, 508, 527, 559], "summary": {"covered_lines": 51, "num_statements": 51, "percent_covered": 100.0, "percent_covered_display": "100", "missing_lines": 0, "excluded_lines": 0}, "missing_lines": [], "excluded_lines": []}}}, "src/zenoo_rpc/cache/decorators.py": {"executed_lines": [1, 8, 9, 10, 11, 12, 13, 15, 16, 17, 19, 22, 54, 55, 56, 58, 59, 61, 62, 68, 72, 75, 80, 81, 82, 83, 84, 89, 90, 93, 94, 95, 99, 102, 103, 104, 106, 108, 111, 135, 136, 137, 139, 143, 146, 153, 154, 155, 156, 157, 162, 163, 166, 167, 168, 172, 175, 176, 177, 178, 179, 181, 183, 186, 204, 205, 207, 208, 209, 211, 214, 215, 217, 218, 219, 220, 224, 226, 228, 231, 232, 244, 266, 270, 275, 284, 292, 313, 331, 332, 335, 340, 341, 343, 346, 355, 357, 358, 360, 362, 364, 367, 376, 378, 385, 388, 397, 398, 399, 400], "summary": {"covered_lines": 108, "num_statements": 150, "percent_covered": 72.0, "percent_covered_display": "72", "missing_lines": 42, "excluded_lines": 0}, "missing_lines": [64, 65, 69, 73, 85, 86, 96, 97, 140, 141, 158, 159, 169, 170, 221, 222, 257, 258, 259, 260, 263, 264, 268, 272, 273, 281, 282, 290, 298, 300, 301, 302, 305, 306, 307, 308, 310, 379, 381, 383, 401, 403], "excluded_lines": [], "functions": {"cached": {"executed_lines": [54, 55, 108], "summary": {"covered_lines": 3, "num_statements": 3, "percent_covered": 100.0, "percent_covered_display": "100", "missing_lines": 0, "excluded_lines": 0}, "missing_lines": [], "excluded_lines": []}, "cached.decorator": {"executed_lines": [56, 102, 103, 104, 106], "summary": {"covered_lines": 5, "num_statements": 5, "percent_covered": 100.0, "percent_covered_display": "100", "missing_lines": 0, "excluded_lines": 0}, "missing_lines": [], "excluded_lines": []}, "cached.decorator.wrapper": {"executed_lines": [58, 59, 61, 62, 68, 72, 75, 80, 81, 82, 83, 84, 89, 90, 93, 94, 95, 99], "summary": {"covered_lines": 18, "num_statements": 26, "percent_covered": 69.23076923076923, "percent_covered_display": "69", "missing_lines": 8, "excluded_lines": 0}, "missing_lines": [64, 65, 69, 73, 85, 86, 96, 97], "excluded_lines": []}, "cache_result": {"executed_lines": [135, 136, 183], "summary": {"covered_lines": 3, "num_statements": 3, "percent_covered": 100.0, "percent_covered_display": "100", "missing_lines": 0, "excluded_lines": 0}, "missing_lines": [], "excluded_lines": []}, "cache_result.decorator": {"executed_lines": [137, 175, 176, 177, 178, 179, 181], "summary": {"covered_lines": 7, "num_statements": 7, "percent_covered": 100.0, "percent_covered_display": "100", "missing_lines": 0, "excluded_lines": 0}, "missing_lines": [], "excluded_lines": []}, "cache_result.decorator.wrapper": {"executed_lines": [139, 143, 146, 153, 154, 155, 156, 157, 162, 163, 166, 167, 168, 172], "summary": {"covered_lines": 14, "num_statements": 20, "percent_covered": 70.0, "percent_covered_display": "70", "missing_lines": 6, "excluded_lines": 0}, "missing_lines": [140, 141, 158, 159, 169, 170], "excluded_lines": []}, "invalidate_cache": {"executed_lines": [204, 205, 207, 208, 228], "summary": {"covered_lines": 5, "num_statements": 5, "percent_covered": 100.0, "percent_covered_display": "100", "missing_lines": 0, "excluded_lines": 0}, "missing_lines": [], "excluded_lines": []}, "invalidate_cache.decorator": {"executed_lines": [209, 226], "summary": {"covered_lines": 2, "num_statements": 2, "percent_covered": 100.0, "percent_covered_display": "100", "missing_lines": 0, "excluded_lines": 0}, "missing_lines": [], "excluded_lines": []}, "invalidate_cache.decorator.wrapper": {"executed_lines": [211, 214, 215, 217, 218, 219, 220, 224], "summary": {"covered_lines": 8, "num_statements": 10, "percent_covered": 80.0, "percent_covered_display": "80", "missing_lines": 2, "excluded_lines": 0}, "missing_lines": [221, 222], "excluded_lines": []}, "CacheInvalidator.__init__": {"executed_lines": [], "summary": {"covered_lines": 0, "num_statements": 6, "percent_covered": 0.0, "percent_covered_display": "0", "missing_lines": 6, "excluded_lines": 0}, "missing_lines": [257, 258, 259, 260, 263, 264], "excluded_lines": []}, "CacheInvalidator.__aenter__": {"executed_lines": [], "summary": {"covered_lines": 0, "num_statements": 1, "percent_covered": 0.0, "percent_covered_display": "0", "missing_lines": 1, "excluded_lines": 0}, "missing_lines": [268], "excluded_lines": []}, "CacheInvalidator.__aexit__": {"executed_lines": [], "summary": {"covered_lines": 0, "num_statements": 2, "percent_covered": 0.0, "percent_covered_display": "0", "missing_lines": 2, "excluded_lines": 0}, "missing_lines": [272, 273], "excluded_lines": []}, "CacheInvalidator.add_pattern": {"executed_lines": [], "summary": {"covered_lines": 0, "num_statements": 2, "percent_covered": 0.0, "percent_covered_display": "0", "missing_lines": 2, "excluded_lines": 0}, "missing_lines": [281, 282], "excluded_lines": []}, "CacheInvalidator.add_model_pattern": {"executed_lines": [], "summary": {"covered_lines": 0, "num_statements": 1, "percent_covered": 0.0, "percent_covered_display": "0", "missing_lines": 1, "excluded_lines": 0}, "missing_lines": [290], "excluded_lines": []}, "CacheInvalidator.invalidate": {"executed_lines": [], "summary": {"covered_lines": 0, "num_statements": 9, "percent_covered": 0.0, "percent_covered_display": "0", "missing_lines": 9, "excluded_lines": 0}, "missing_lines": [298, 300, 301, 302, 305, 306, 307, 308, 310], "excluded_lines": []}, "_build_function_cache_key": {"executed_lines": [331, 332, 335, 340, 341, 343], "summary": {"covered_lines": 6, "num_statements": 6, "percent_covered": 100.0, "percent_covered_display": "100", "missing_lines": 0, "excluded_lines": 0}, "missing_lines": [], "excluded_lines": []}, "_serialize_args": {"executed_lines": [355, 357, 358, 360, 362, 364], "summary": {"covered_lines": 6, "num_statements": 6, "percent_covered": 100.0, "percent_covered_display": "100", "missing_lines": 0, "excluded_lines": 0}, "missing_lines": [], "excluded_lines": []}, "_serialize_kwargs": {"executed_lines": [376, 378, 385], "summary": {"covered_lines": 3, "num_statements": 6, "percent_covered": 50.0, "percent_covered_display": "50", "missing_lines": 3, "excluded_lines": 0}, "missing_lines": [379, 381, 383], "excluded_lines": []}, "_hash_data": {"executed_lines": [397, 398, 399, 400], "summary": {"covered_lines": 4, "num_statements": 6, "percent_covered": 66.66666666666667, "percent_covered_display": "67", "missing_lines": 2, "excluded_lines": 0}, "missing_lines": [401, 403], "excluded_lines": []}, "": {"executed_lines": [1, 8, 9, 10, 11, 12, 13, 15, 16, 17, 19, 22, 111, 186, 231, 232, 244, 266, 270, 275, 284, 292, 313, 346, 367, 388], "summary": {"covered_lines": 24, "num_statements": 24, "percent_covered": 100.0, "percent_covered_display": "100", "missing_lines": 0, "excluded_lines": 0}, "missing_lines": [], "excluded_lines": []}}, "classes": {"CacheInvalidator": {"executed_lines": [], "summary": {"covered_lines": 0, "num_statements": 21, "percent_covered": 0.0, "percent_covered_display": "0", "missing_lines": 21, "excluded_lines": 0}, "missing_lines": [257, 258, 259, 260, 263, 264, 268, 272, 273, 281, 282, 290, 298, 300, 301, 302, 305, 306, 307, 308, 310], "excluded_lines": []}, "": {"executed_lines": [1, 8, 9, 10, 11, 12, 13, 15, 16, 17, 19, 22, 54, 55, 56, 58, 59, 61, 62, 68, 72, 75, 80, 81, 82, 83, 84, 89, 90, 93, 94, 95, 99, 102, 103, 104, 106, 108, 111, 135, 136, 137, 139, 143, 146, 153, 154, 155, 156, 157, 162, 163, 166, 167, 168, 172, 175, 176, 177, 178, 179, 181, 183, 186, 204, 205, 207, 208, 209, 211, 214, 215, 217, 218, 219, 220, 224, 226, 228, 231, 232, 244, 266, 270, 275, 284, 292, 313, 331, 332, 335, 340, 341, 343, 346, 355, 357, 358, 360, 362, 364, 367, 376, 378, 385, 388, 397, 398, 399, 400], "summary": {"covered_lines": 108, "num_statements": 129, "percent_covered": 83.72093023255815, "percent_covered_display": "84", "missing_lines": 21, "excluded_lines": 0}, "missing_lines": [64, 65, 69, 73, 85, 86, 96, 97, 140, 141, 158, 159, 169, 170, 221, 222, 379, 381, 383, 401, 403], "excluded_lines": []}}}, "src/zenoo_rpc/cache/exceptions.py": {"executed_lines": [1, 5, 8, 9, 10, 13, 14, 16, 17, 18, 21, 22, 23, 26, 27, 29, 34, 35, 36, 39, 40, 41], "summary": {"covered_lines": 15, "num_statements": 17, "percent_covered": 88.23529411764706, "percent_covered_display": "88", "missing_lines": 2, "excluded_lines": 0}, "missing_lines": [30, 31], "excluded_lines": [], "functions": {"CacheBackendError.__init__": {"executed_lines": [17, 18], "summary": {"covered_lines": 2, "num_statements": 2, "percent_covered": 100.0, "percent_covered_display": "100", "missing_lines": 0, "excluded_lines": 0}, "missing_lines": [], "excluded_lines": []}, "CacheSerializationError.__init__": {"executed_lines": [], "summary": {"covered_lines": 0, "num_statements": 2, "percent_covered": 0.0, "percent_covered_display": "0", "missing_lines": 2, "excluded_lines": 0}, "missing_lines": [30, 31], "excluded_lines": []}, "": {"executed_lines": [1, 5, 8, 9, 10, 13, 14, 16, 21, 22, 23, 26, 27, 29, 34, 35, 36, 39, 40, 41], "summary": {"covered_lines": 13, "num_statements": 13, "percent_covered": 100.0, "percent_covered_display": "100", "missing_lines": 0, "excluded_lines": 0}, "missing_lines": [], "excluded_lines": []}}, "classes": {"CacheError": {"executed_lines": [], "summary": {"covered_lines": 0, "num_statements": 0, "percent_covered": 100.0, "percent_covered_display": "100", "missing_lines": 0, "excluded_lines": 0}, "missing_lines": [], "excluded_lines": []}, "CacheBackendError": {"executed_lines": [17, 18], "summary": {"covered_lines": 2, "num_statements": 2, "percent_covered": 100.0, "percent_covered_display": "100", "missing_lines": 0, "excluded_lines": 0}, "missing_lines": [], "excluded_lines": []}, "CacheKeyError": {"executed_lines": [], "summary": {"covered_lines": 0, "num_statements": 0, "percent_covered": 100.0, "percent_covered_display": "100", "missing_lines": 0, "excluded_lines": 0}, "missing_lines": [], "excluded_lines": []}, "CacheSerializationError": {"executed_lines": [], "summary": {"covered_lines": 0, "num_statements": 2, "percent_covered": 0.0, "percent_covered_display": "0", "missing_lines": 2, "excluded_lines": 0}, "missing_lines": [30, 31], "excluded_lines": []}, "CacheConnectionError": {"executed_lines": [], "summary": {"covered_lines": 0, "num_statements": 0, "percent_covered": 100.0, "percent_covered_display": "100", "missing_lines": 0, "excluded_lines": 0}, "missing_lines": [], "excluded_lines": []}, "CacheTimeoutError": {"executed_lines": [], "summary": {"covered_lines": 0, "num_statements": 0, "percent_covered": 100.0, "percent_covered_display": "100", "missing_lines": 0, "excluded_lines": 0}, "missing_lines": [], "excluded_lines": []}, "": {"executed_lines": [1, 5, 8, 9, 10, 13, 14, 16, 21, 22, 23, 26, 27, 29, 34, 35, 36, 39, 40, 41], "summary": {"covered_lines": 13, "num_statements": 13, "percent_covered": 100.0, "percent_covered_display": "100", "missing_lines": 0, "excluded_lines": 0}, "missing_lines": [], "excluded_lines": []}}}, "src/zenoo_rpc/cache/keys.py": {"executed_lines": [1, 8, 9, 10, 11, 13, 16, 17, 18, 31, 32, 33, 34, 35, 37, 44, 45, 48, 49, 52, 53, 55, 57, 59, 63, 71, 72, 76, 93, 111, 142, 145, 149, 152, 153, 154, 157, 159, 168, 190, 193, 195, 197, 201, 203, 212, 235, 244, 246, 254, 263, 265, 268, 271, 277, 289, 290, 291, 292, 296, 299, 303, 304, 305, 308, 311], "summary": {"covered_lines": 64, "num_statements": 93, "percent_covered": 68.81720430107526, "percent_covered_display": "69", "missing_lines": 29, "excluded_lines": 0}, "missing_lines": [61, 65, 66, 67, 68, 69, 74, 85, 102, 143, 146, 191, 198, 199, 273, 274, 294, 297, 300, 306, 325, 327, 328, 330, 335, 336, 338, 339, 341], "excluded_lines": [], "functions": {"CacheKey.__post_init__": {"executed_lines": [44, 45, 48, 49, 52, 53], "summary": {"covered_lines": 6, "num_statements": 6, "percent_covered": 100.0, "percent_covered_display": "100", "missing_lines": 0, "excluded_lines": 0}, "missing_lines": [], "excluded_lines": []}, "CacheKey.__str__": {"executed_lines": [57], "summary": {"covered_lines": 1, "num_statements": 1, "percent_covered": 100.0, "percent_covered_display": "100", "missing_lines": 0, "excluded_lines": 0}, "missing_lines": [], "excluded_lines": []}, "CacheKey.__hash__": {"executed_lines": [], "summary": {"covered_lines": 0, "num_statements": 1, "percent_covered": 0.0, "percent_covered_display": "0", "missing_lines": 1, "excluded_lines": 0}, "missing_lines": [61], "excluded_lines": []}, "CacheKey.__eq__": {"executed_lines": [], "summary": {"covered_lines": 0, "num_statements": 5, "percent_covered": 0.0, "percent_covered_display": "0", "missing_lines": 5, "excluded_lines": 0}, "missing_lines": [65, 66, 67, 68, 69], "excluded_lines": []}, "CacheKey.full_key": {"executed_lines": [], "summary": {"covered_lines": 0, "num_statements": 1, "percent_covered": 0.0, "percent_covered_display": "0", "missing_lines": 1, "excluded_lines": 0}, "missing_lines": [74], "excluded_lines": []}, "CacheKey.with_suffix": {"executed_lines": [], "summary": {"covered_lines": 0, "num_statements": 1, "percent_covered": 0.0, "percent_covered_display": "0", "missing_lines": 1, "excluded_lines": 0}, "missing_lines": [85], "excluded_lines": []}, "CacheKey.with_prefix": {"executed_lines": [], "summary": {"covered_lines": 0, "num_statements": 1, "percent_covered": 0.0, "percent_covered_display": "0", "missing_lines": 1, "excluded_lines": 0}, "missing_lines": [102], "excluded_lines": []}, "make_cache_key": {"executed_lines": [142, 145, 149, 152, 153, 154, 157, 159], "summary": {"covered_lines": 8, "num_statements": 10, "percent_covered": 80.0, "percent_covered_display": "80", "missing_lines": 2, "excluded_lines": 0}, "missing_lines": [143, 146], "excluded_lines": []}, "make_model_cache_key": {"executed_lines": [190, 193, 195, 197, 201, 203], "summary": {"covered_lines": 6, "num_statements": 9, "percent_covered": 66.66666666666667, "percent_covered_display": "67", "missing_lines": 3, "excluded_lines": 0}, "missing_lines": [191, 198, 199], "excluded_lines": []}, "make_query_cache_key": {"executed_lines": [235, 244, 246], "summary": {"covered_lines": 3, "num_statements": 3, "percent_covered": 100.0, "percent_covered_display": "100", "missing_lines": 0, "excluded_lines": 0}, "missing_lines": [], "excluded_lines": []}, "_hash_params": {"executed_lines": [263, 265, 268, 271], "summary": {"covered_lines": 4, "num_statements": 6, "percent_covered": 66.66666666666667, "percent_covered_display": "67", "missing_lines": 2, "excluded_lines": 0}, "missing_lines": [273, 274], "excluded_lines": []}, "validate_cache_key": {"executed_lines": [289, 290, 291, 292, 296, 299, 303, 304, 305, 308], "summary": {"covered_lines": 10, "num_statements": 14, "percent_covered": 71.42857142857143, "percent_covered_display": "71", "missing_lines": 4, "excluded_lines": 0}, "missing_lines": [294, 297, 300, 306], "excluded_lines": []}, "parse_cache_key": {"executed_lines": [], "summary": {"covered_lines": 0, "num_statements": 9, "percent_covered": 0.0, "percent_covered_display": "0", "missing_lines": 9, "excluded_lines": 0}, "missing_lines": [325, 327, 328, 330, 335, 336, 338, 339, 341], "excluded_lines": []}, "": {"executed_lines": [1, 8, 9, 10, 11, 13, 16, 17, 18, 31, 32, 33, 34, 35, 37, 55, 59, 63, 71, 72, 76, 93, 111, 168, 212, 254, 277, 311], "summary": {"covered_lines": 26, "num_statements": 26, "percent_covered": 100.0, "percent_covered_display": "100", "missing_lines": 0, "excluded_lines": 0}, "missing_lines": [], "excluded_lines": []}}, "classes": {"CacheKey": {"executed_lines": [44, 45, 48, 49, 52, 53, 57], "summary": {"covered_lines": 7, "num_statements": 16, "percent_covered": 43.75, "percent_covered_display": "44", "missing_lines": 9, "excluded_lines": 0}, "missing_lines": [61, 65, 66, 67, 68, 69, 74, 85, 102], "excluded_lines": []}, "": {"executed_lines": [1, 8, 9, 10, 11, 13, 16, 17, 18, 31, 32, 33, 34, 35, 37, 55, 59, 63, 71, 72, 76, 93, 111, 142, 145, 149, 152, 153, 154, 157, 159, 168, 190, 193, 195, 197, 201, 203, 212, 235, 244, 246, 254, 263, 265, 268, 271, 277, 289, 290, 291, 292, 296, 299, 303, 304, 305, 308, 311], "summary": {"covered_lines": 57, "num_statements": 77, "percent_covered": 74.02597402597402, "percent_covered_display": "74", "missing_lines": 20, "excluded_lines": 0}, "missing_lines": [143, 146, 191, 198, 199, 273, 274, 294, 297, 300, 306, 325, 327, 328, 330, 335, 336, 338, 339, 341], "excluded_lines": []}}}, "src/zenoo_rpc/cache/manager.py": {"executed_lines": [1, 8, 9, 10, 12, 13, 14, 15, 17, 20, 21, 48, 50, 51, 52, 53, 56, 64, 72, 88, 94, 97, 98, 100, 101, 103, 110, 112, 119, 121, 127, 128, 132, 171, 187, 188, 192, 193, 205, 219, 222, 223, 225, 229, 230, 231, 233, 234, 236, 238, 244, 262, 265, 266, 268, 272, 273, 274, 280, 294, 297, 298, 300, 303, 304, 305, 311, 325, 326, 328, 349, 363, 366, 367, 369, 373, 375, 378, 379, 380, 382, 383, 384, 386, 387, 389, 421, 435, 436, 438, 447, 456, 459, 460, 461, 463, 464, 465, 468, 469, 470, 473, 474, 475, 477, 479, 484, 489, 493, 503, 523, 524, 526, 542, 543, 545, 565, 566, 568, 584, 585], "summary": {"covered_lines": 119, "num_statements": 193, "percent_covered": 61.6580310880829, "percent_covered_display": "62", "missing_lines": 74, "excluded_lines": 0}, "missing_lines": [130, 152, 160, 163, 166, 167, 169, 197, 198, 203, 220, 226, 227, 240, 241, 242, 263, 269, 270, 276, 277, 278, 295, 301, 307, 308, 309, 337, 338, 339, 340, 341, 344, 345, 346, 347, 364, 370, 371, 392, 393, 394, 396, 397, 398, 400, 401, 403, 406, 407, 408, 409, 410, 411, 414, 415, 417, 418, 419, 448, 449, 450, 451, 452, 453, 481, 482, 486, 487, 491, 495, 496, 497, 499], "excluded_lines": [], "functions": {"CacheManager.__init__": {"executed_lines": [50, 51, 52, 53, 56, 64], "summary": {"covered_lines": 6, "num_statements": 6, "percent_covered": 100.0, "percent_covered_display": "100", "missing_lines": 0, "excluded_lines": 0}, "missing_lines": [], "excluded_lines": []}, "CacheManager.setup_memory_cache": {"executed_lines": [88, 94, 97, 98, 100, 101], "summary": {"covered_lines": 6, "num_statements": 6, "percent_covered": 100.0, "percent_covered_display": "100", "missing_lines": 0, "excluded_lines": 0}, "missing_lines": [], "excluded_lines": []}, "CacheManager.add_backend": {"executed_lines": [110], "summary": {"covered_lines": 1, "num_statements": 1, "percent_covered": 100.0, "percent_covered_display": "100", "missing_lines": 0, "excluded_lines": 0}, "missing_lines": [], "excluded_lines": []}, "CacheManager.add_strategy": {"executed_lines": [119], "summary": {"covered_lines": 1, "num_statements": 1, "percent_covered": 100.0, "percent_covered_display": "100", "missing_lines": 0, "excluded_lines": 0}, "missing_lines": [], "excluded_lines": []}, "CacheManager.set_default_backend": {"executed_lines": [127, 128], "summary": {"covered_lines": 2, "num_statements": 3, "percent_covered": 66.66666666666667, "percent_covered_display": "67", "missing_lines": 1, "excluded_lines": 0}, "missing_lines": [130], "excluded_lines": []}, "CacheManager.setup_redis_cache": {"executed_lines": [], "summary": {"covered_lines": 0, "num_statements": 6, "percent_covered": 0.0, "percent_covered_display": "0", "missing_lines": 6, "excluded_lines": 0}, "missing_lines": [152, 160, 163, 166, 167, 169], "excluded_lines": []}, "CacheManager._create_strategy": {"executed_lines": [187, 188, 192, 193], "summary": {"covered_lines": 4, "num_statements": 7, "percent_covered": 57.142857142857146, "percent_covered_display": "57", "missing_lines": 3, "excluded_lines": 0}, "missing_lines": [197, 198, 203], "excluded_lines": []}, "CacheManager.get": {"executed_lines": [219, 222, 223, 225, 229, 230, 231, 233, 234, 236, 238], "summary": {"covered_lines": 11, "num_statements": 17, "percent_covered": 64.70588235294117, "percent_covered_display": "65", "missing_lines": 6, "excluded_lines": 0}, "missing_lines": [220, 226, 227, 240, 241, 242], "excluded_lines": []}, "CacheManager.set": {"executed_lines": [262, 265, 266, 268, 272, 273, 274], "summary": {"covered_lines": 7, "num_statements": 13, "percent_covered": 53.84615384615385, "percent_covered_display": "54", "missing_lines": 6, "excluded_lines": 0}, "missing_lines": [263, 269, 270, 276, 277, 278], "excluded_lines": []}, "CacheManager.delete": {"executed_lines": [294, 297, 298, 300, 303, 304, 305], "summary": {"covered_lines": 7, "num_statements": 12, "percent_covered": 58.333333333333336, "percent_covered_display": "58", "missing_lines": 5, "excluded_lines": 0}, "missing_lines": [295, 301, 307, 308, 309], "excluded_lines": []}, "CacheManager.exists": {"executed_lines": [325, 326], "summary": {"covered_lines": 2, "num_statements": 2, "percent_covered": 100.0, "percent_covered_display": "100", "missing_lines": 0, "excluded_lines": 0}, "missing_lines": [], "excluded_lines": []}, "CacheManager.clear": {"executed_lines": [], "summary": {"covered_lines": 0, "num_statements": 9, "percent_covered": 0.0, "percent_covered_display": "0", "missing_lines": 9, "excluded_lines": 0}, "missing_lines": [337, 338, 339, 340, 341, 344, 345, 346, 347], "excluded_lines": []}, "CacheManager.invalidate_pattern": {"executed_lines": [363, 366, 367, 369, 373, 375, 378, 379, 380, 382, 383, 384, 386, 387, 389], "summary": {"covered_lines": 15, "num_statements": 38, "percent_covered": 39.473684210526315, "percent_covered_display": "39", "missing_lines": 23, "excluded_lines": 0}, "missing_lines": [364, 370, 371, 392, 393, 394, 396, 397, 398, 400, 401, 403, 406, 407, 408, 409, 410, 411, 414, 415, 417, 418, 419], "excluded_lines": []}, "CacheManager.invalidate_model": {"executed_lines": [435, 436], "summary": {"covered_lines": 2, "num_statements": 2, "percent_covered": 100.0, "percent_covered_display": "100", "missing_lines": 0, "excluded_lines": 0}, "missing_lines": [], "excluded_lines": []}, "CacheManager.get_stats": {"executed_lines": [447, 456, 459, 460, 461, 463, 464, 465, 468, 469, 470, 473, 474, 475, 477], "summary": {"covered_lines": 15, "num_statements": 21, "percent_covered": 71.42857142857143, "percent_covered_display": "71", "missing_lines": 6, "excluded_lines": 0}, "missing_lines": [448, 449, 450, 451, 452, 453], "excluded_lines": []}, "CacheManager.enable": {"executed_lines": [], "summary": {"covered_lines": 0, "num_statements": 2, "percent_covered": 0.0, "percent_covered_display": "0", "missing_lines": 2, "excluded_lines": 0}, "missing_lines": [481, 482], "excluded_lines": []}, "CacheManager.disable": {"executed_lines": [], "summary": {"covered_lines": 0, "num_statements": 2, "percent_covered": 0.0, "percent_covered_display": "0", "missing_lines": 2, "excluded_lines": 0}, "missing_lines": [486, 487], "excluded_lines": []}, "CacheManager.is_enabled": {"executed_lines": [], "summary": {"covered_lines": 0, "num_statements": 1, "percent_covered": 0.0, "percent_covered_display": "0", "missing_lines": 1, "excluded_lines": 0}, "missing_lines": [491], "excluded_lines": []}, "CacheManager.close": {"executed_lines": [], "summary": {"covered_lines": 0, "num_statements": 4, "percent_covered": 0.0, "percent_covered_display": "0", "missing_lines": 4, "excluded_lines": 0}, "missing_lines": [495, 496, 497, 499], "excluded_lines": []}, "CacheManager.cache_query_result": {"executed_lines": [523, 524], "summary": {"covered_lines": 2, "num_statements": 2, "percent_covered": 100.0, "percent_covered_display": "100", "missing_lines": 0, "excluded_lines": 0}, "missing_lines": [], "excluded_lines": []}, "CacheManager.get_cached_query_result": {"executed_lines": [542, 543], "summary": {"covered_lines": 2, "num_statements": 2, "percent_covered": 100.0, "percent_covered_display": "100", "missing_lines": 0, "excluded_lines": 0}, "missing_lines": [], "excluded_lines": []}, "CacheManager.cache_model_record": {"executed_lines": [565, 566], "summary": {"covered_lines": 2, "num_statements": 2, "percent_covered": 100.0, "percent_covered_display": "100", "missing_lines": 0, "excluded_lines": 0}, "missing_lines": [], "excluded_lines": []}, "CacheManager.get_cached_model_record": {"executed_lines": [584, 585], "summary": {"covered_lines": 2, "num_statements": 2, "percent_covered": 100.0, "percent_covered_display": "100", "missing_lines": 0, "excluded_lines": 0}, "missing_lines": [], "excluded_lines": []}, "": {"executed_lines": [1, 8, 9, 10, 12, 13, 14, 15, 17, 20, 21, 48, 72, 103, 112, 121, 132, 171, 205, 244, 280, 311, 328, 349, 421, 438, 479, 484, 489, 493, 503, 526, 545, 568], "summary": {"covered_lines": 32, "num_statements": 32, "percent_covered": 100.0, "percent_covered_display": "100", "missing_lines": 0, "excluded_lines": 0}, "missing_lines": [], "excluded_lines": []}}, "classes": {"CacheManager": {"executed_lines": [50, 51, 52, 53, 56, 64, 88, 94, 97, 98, 100, 101, 110, 119, 127, 128, 187, 188, 192, 193, 219, 222, 223, 225, 229, 230, 231, 233, 234, 236, 238, 262, 265, 266, 268, 272, 273, 274, 294, 297, 298, 300, 303, 304, 305, 325, 326, 363, 366, 367, 369, 373, 375, 378, 379, 380, 382, 383, 384, 386, 387, 389, 435, 436, 447, 456, 459, 460, 461, 463, 464, 465, 468, 469, 470, 473, 474, 475, 477, 523, 524, 542, 543, 565, 566, 584, 585], "summary": {"covered_lines": 87, "num_statements": 161, "percent_covered": 54.037267080745345, "percent_covered_display": "54", "missing_lines": 74, "excluded_lines": 0}, "missing_lines": [130, 152, 160, 163, 166, 167, 169, 197, 198, 203, 220, 226, 227, 240, 241, 242, 263, 269, 270, 276, 277, 278, 295, 301, 307, 308, 309, 337, 338, 339, 340, 341, 344, 345, 346, 347, 364, 370, 371, 392, 393, 394, 396, 397, 398, 400, 401, 403, 406, 407, 408, 409, 410, 411, 414, 415, 417, 418, 419, 448, 449, 450, 451, 452, 453, 481, 482, 486, 487, 491, 495, 496, 497, 499], "excluded_lines": []}, "": {"executed_lines": [1, 8, 9, 10, 12, 13, 14, 15, 17, 20, 21, 48, 72, 103, 112, 121, 132, 171, 205, 244, 280, 311, 328, 349, 421, 438, 479, 484, 489, 493, 503, 526, 545, 568], "summary": {"covered_lines": 32, "num_statements": 32, "percent_covered": 100.0, "percent_covered_display": "100", "missing_lines": 0, "excluded_lines": 0}, "missing_lines": [], "excluded_lines": []}}}, "src/zenoo_rpc/cache/strategies.py": {"executed_lines": [1, 8, 9, 10, 11, 13, 14, 15, 18, 19, 25, 31, 33, 34, 38, 39, 48, 49, 53, 54, 58, 59, 64, 65, 83, 96, 97, 98, 101, 102, 104, 106, 107, 109, 111, 113, 116, 117, 130, 132, 133, 136, 137, 138, 141, 143, 144, 145, 146, 148, 156, 157, 160, 161, 164, 166, 168, 171, 173, 175, 180, 182, 185, 186, 191, 198, 201, 202, 220, 231, 232, 235, 237, 239, 242, 243, 245, 247, 249, 250, 251, 253, 255, 257, 259, 261, 263, 265, 272, 275, 277, 279, 282, 284, 286, 295, 300, 314, 315, 333, 346, 347, 348, 351, 352, 353, 355, 357, 360, 362, 364, 366, 367, 380, 382, 384, 386, 387, 389, 391, 393, 395, 397, 399, 401, 408, 411, 413, 415, 416, 419, 421, 423, 432, 437], "summary": {"covered_lines": 130, "num_statements": 166, "percent_covered": 78.3132530120482, "percent_covered_display": "78", "missing_lines": 36, "excluded_lines": 0}, "missing_lines": [36, 46, 51, 56, 61, 119, 124, 125, 126, 128, 177, 178, 288, 291, 293, 297, 298, 302, 304, 311, 370, 371, 374, 378, 425, 428, 430, 434, 435, 439, 442, 443, 444, 445, 447, 458], "excluded_lines": [], "functions": {"CacheStrategy.__init__": {"executed_lines": [31], "summary": {"covered_lines": 1, "num_statements": 1, "percent_covered": 100.0, "percent_covered_display": "100", "missing_lines": 0, "excluded_lines": 0}, "missing_lines": [], "excluded_lines": []}, "CacheStrategy.get": {"executed_lines": [], "summary": {"covered_lines": 0, "num_statements": 1, "percent_covered": 0.0, "percent_covered_display": "0", "missing_lines": 1, "excluded_lines": 0}, "missing_lines": [36], "excluded_lines": []}, "CacheStrategy.set": {"executed_lines": [], "summary": {"covered_lines": 0, "num_statements": 1, "percent_covered": 0.0, "percent_covered_display": "0", "missing_lines": 1, "excluded_lines": 0}, "missing_lines": [46], "excluded_lines": []}, "CacheStrategy.delete": {"executed_lines": [], "summary": {"covered_lines": 0, "num_statements": 1, "percent_covered": 0.0, "percent_covered_display": "0", "missing_lines": 1, "excluded_lines": 0}, "missing_lines": [51], "excluded_lines": []}, "CacheStrategy.clear": {"executed_lines": [], "summary": {"covered_lines": 0, "num_statements": 1, "percent_covered": 0.0, "percent_covered_display": "0", "missing_lines": 1, "excluded_lines": 0}, "missing_lines": [56], "excluded_lines": []}, "CacheStrategy.get_stats": {"executed_lines": [], "summary": {"covered_lines": 0, "num_statements": 1, "percent_covered": 0.0, "percent_covered_display": "0", "missing_lines": 1, "excluded_lines": 0}, "missing_lines": [61], "excluded_lines": []}, "TTLCache.__init__": {"executed_lines": [96, 97, 98, 101, 102], "summary": {"covered_lines": 5, "num_statements": 5, "percent_covered": 100.0, "percent_covered_display": "100", "missing_lines": 0, "excluded_lines": 0}, "missing_lines": [], "excluded_lines": []}, "TTLCache._is_expired": {"executed_lines": [106, 107, 109], "summary": {"covered_lines": 3, "num_statements": 3, "percent_covered": 100.0, "percent_covered_display": "100", "missing_lines": 0, "excluded_lines": 0}, "missing_lines": [], "excluded_lines": []}, "TTLCache._cleanup_expired": {"executed_lines": [113, 116, 117], "summary": {"covered_lines": 3, "num_statements": 8, "percent_covered": 37.5, "percent_covered_display": "38", "missing_lines": 5, "excluded_lines": 0}, "missing_lines": [119, 124, 125, 126, 128], "excluded_lines": []}, "TTLCache.get": {"executed_lines": [132, 133, 136, 137, 138, 141, 143, 144, 145, 146], "summary": {"covered_lines": 10, "num_statements": 10, "percent_covered": 100.0, "percent_covered_display": "100", "missing_lines": 0, "excluded_lines": 0}, "missing_lines": [], "excluded_lines": []}, "TTLCache.set": {"executed_lines": [156, 157, 160, 161, 164], "summary": {"covered_lines": 5, "num_statements": 5, "percent_covered": 100.0, "percent_covered_display": "100", "missing_lines": 0, "excluded_lines": 0}, "missing_lines": [], "excluded_lines": []}, "TTLCache.delete": {"executed_lines": [168, 171, 173], "summary": {"covered_lines": 3, "num_statements": 3, "percent_covered": 100.
[...]
 [], "excluded_lines": []}}, "classes": {"AsyncTransport": {"executed_lines": [52, 55, 93, 94, 97, 109, 111, 112, 115, 118, 121, 123, 124, 125, 126, 127, 128, 129, 131, 133, 141, 142, 143, 144, 145, 149, 153, 157], "summary": {"covered_lines": 28, "num_statements": 30, "percent_covered": 93.33333333333333, "percent_covered_display": "93", "missing_lines": 2, "excluded_lines": 0}, "missing_lines": [119, 132], "excluded_lines": []}, "": {"executed_lines": [1, 8, 9, 10, 12, 14, 17, 18, 35, 70, 135, 147, 151, 155], "summary": {"covered_lines": 12, "num_statements": 12, "percent_covered": 100.0, "percent_covered_display": "100", "missing_lines": 0, "excluded_lines": 0}, "missing_lines": [], "excluded_lines": []}}}, "src/zenoo_rpc/transport/pool.py": {"executed_lines": [1, 8, 9, 10, 11, 12, 13, 14, 16, 18, 20, 23, 24, 25, 26, 27, 28, 31, 32, 33, 34, 35, 38, 39, 40, 42, 43, 44, 47, 48, 49, 50, 52, 54, 55, 56, 58, 59, 60, 61, 62, 67, 69, 70, 71, 72, 73, 74, 75, 77, 79, 80, 82, 83, 84, 85, 86, 87, 90, 91, 92, 93, 94, 95, 96, 97, 99, 100, 102, 103, 106, 107, 109, 110, 111, 114, 115, 116, 117, 118, 119, 120, 122, 124, 125, 127, 129, 131, 135, 137, 138, 140, 141, 143, 145, 149, 150, 152, 154, 159, 160, 188, 211, 212, 213, 214, 215, 216, 217, 218, 221, 222, 223, 226, 227, 230, 242, 243, 246, 253, 255, 257, 260, 261, 264, 267, 268, 269, 270, 273, 274, 276, 277, 279, 282, 288, 295, 307, 308, 310, 311, 313, 319, 323, 324, 326, 328, 330, 332, 338, 339, 340, 341, 343, 344, 346, 360, 362, 367, 379, 380, 382, 384, 385, 386, 388, 389, 391, 392, 397, 399, 400, 401, 403, 405, 408, 439, 441, 442, 443, 445, 447, 450, 474, 476, 479, 480, 483, 484, 485, 486, 489, 490, 492, 495, 496, 497, 501, 503, 509, 512, 521, 522, 523, 524, 526, 533, 536, 537, 539, 545, 546, 548, 550, 551, 553, 554, 556, 558, 559, 561, 563, 566, 568], "summary": {"covered_lines": 216, "num_statements": 288, "percent_covered": 75.0, "percent_covered_display": "75", "missing_lines": 72, "excluded_lines": 0}, "missing_lines": [63, 64, 65, 104, 133, 146, 156, 258, 262, 320, 348, 350, 351, 352, 353, 354, 355, 356, 358, 363, 364, 368, 369, 372, 373, 374, 375, 377, 394, 395, 402, 404, 406, 410, 412, 413, 414, 416, 417, 418, 420, 421, 422, 424, 425, 426, 428, 430, 431, 432, 433, 436, 437, 444, 446, 448, 452, 453, 455, 457, 459, 462, 463, 465, 466, 469, 470, 471, 472, 477, 498, 499], "excluded_lines": [], "functions": {"CircuitBreaker.should_allow_request": {"executed_lines": [54, 55, 56, 58, 59, 60, 61, 62], "summary": {"covered_lines": 8, "num_statements": 11, "percent_covered": 72.72727272727273, "percent_covered_display": "73", "missing_lines": 3, "excluded_lines": 0}, "missing_lines": [63, 64, 65], "excluded_lines": []}, "CircuitBreaker.record_success": {"executed_lines": [69, 70, 71, 72, 73, 74, 75], "summary": {"covered_lines": 7, "num_statements": 7, "percent_covered": 100.0, "percent_covered_display": "100", "missing_lines": 0, "excluded_lines": 0}, "missing_lines": [], "excluded_lines": []}, "CircuitBreaker.record_failure": {"executed_lines": [79, 80, 82, 83, 84, 85, 86, 87], "summary": {"covered_lines": 8, "num_statements": 8, "percent_covered": 100.0, "percent_covered_display": "100", "missing_lines": 0, "excluded_lines": 0}, "missing_lines": [], "excluded_lines": []}, "ConnectionStats.average_response_time": {"executed_lines": [102, 103], "summary": {"covered_lines": 2, "num_statements": 3, "percent_covered": 66.66666666666667, "percent_covered_display": "67", "missing_lines": 1, "excluded_lines": 0}, "missing_lines": [104], "excluded_lines": []}, "ConnectionStats.error_rate": {"executed_lines": [109, 110, 111], "summary": {"covered_lines": 3, "num_statements": 3, "percent_covered": 100.0, "percent_covered_display": "100", "missing_lines": 0, "excluded_lines": 0}, "missing_lines": [], "excluded_lines": []}, "PooledConnection.mark_used": {"executed_lines": [124, 125], "summary": {"covered_lines": 2, "num_statements": 2, "percent_covered": 100.0, "percent_covered_display": "100", "missing_lines": 0, "excluded_lines": 0}, "missing_lines": [], "excluded_lines": []}, "PooledConnection.mark_idle": {"executed_lines": [129], "summary": {"covered_lines": 1, "num_statements": 1, "percent_covered": 100.0, "percent_covered_display": "100", "missing_lines": 0, "excluded_lines": 0}, "missing_lines": [], "excluded_lines": []}, "PooledConnection.mark_unhealthy": {"executed_lines": [], "summary": {"covered_lines": 0, "num_statements": 1, "percent_covered": 0.0, "percent_covered_display": "0", "missing_lines": 1, "excluded_lines": 0}, "missing_lines": [133], "excluded_lines": []}, "PooledConnection.record_request": {"executed_lines": [137, 138, 140, 141], "summary": {"covered_lines": 4, "num_statements": 4, "percent_covered": 100.0, "percent_covered_display": "100", "missing_lines": 0, "excluded_lines": 0}, "missing_lines": [], "excluded_lines": []}, "PooledConnection.is_healthy": {"executed_lines": [145, 149, 150, 152], "summary": {"covered_lines": 4, "num_statements": 5, "percent_covered": 80.0, "percent_covered_display": "80", "missing_lines": 1, "excluded_lines": 0}, "missing_lines": [146], "excluded_lines": []}, "PooledConnection.should_health_check": {"executed_lines": [], "summary": {"covered_lines": 0, "num_statements": 1, "percent_covered": 0.0, "percent_covered_display": "0", "missing_lines": 1, "excluded_lines": 0}, "missing_lines": [156], "excluded_lines": []}, "EnhancedConnectionPool.__init__": {"executed_lines": [211, 212, 213, 214, 215, 216, 217, 218, 221, 222, 223, 226, 227, 230, 242, 243, 246, 253], "summary": {"covered_lines": 18, "num_statements": 18, "percent_covered": 100.0, "percent_covered_display": "100", "missing_lines": 0, "excluded_lines": 0}, "missing_lines": [], "excluded_lines": []}, "EnhancedConnectionPool.initialize": {"executed_lines": [257, 260, 261, 264, 267, 268, 269, 270, 273, 274, 276, 277], "summary": {"covered_lines": 12, "num_statements": 14, "percent_covered": 85.71428571428571, "percent_covered_display": "86", "missing_lines": 2, "excluded_lines": 0}, "missing_lines": [258, 262], "excluded_lines": []}, "EnhancedConnectionPool._create_connection": {"executed_lines": [282, 288, 295, 307, 308, 310, 311], "summary": {"covered_lines": 7, "num_statements": 7, "percent_covered": 100.0, "percent_covered_display": "100", "missing_lines": 0, "excluded_lines": 0}, "missing_lines": [], "excluded_lines": []}, "EnhancedConnectionPool.get_connection": {"executed_lines": [319, 323, 324, 326], "summary": {"covered_lines": 4, "num_statements": 5, "percent_covered": 80.0, "percent_covered_display": "80", "missing_lines": 1, "excluded_lines": 0}, "missing_lines": [320], "excluded_lines": []}, "EnhancedConnectionPool._acquire_connection": {"executed_lines": [330, 332, 338, 339, 340, 341, 343, 344, 346], "summary": {"covered_lines": 9, "num_statements": 18, "percent_covered": 50.0, "percent_covered_display": "50", "missing_lines": 9, "excluded_lines": 0}, "missing_lines": [348, 350, 351, 352, 353, 354, 355, 356, 358], "excluded_lines": []}, "EnhancedConnectionPool._release_connection": {"executed_lines": [362, 367, 379, 380], "summary": {"covered_lines": 4, "num_statements": 13, "percent_covered": 30.76923076923077, "percent_covered_display": "31", "missing_lines": 9, "excluded_lines": 0}, "missing_lines": [363, 364, 368, 369, 372, 373, 374, 375, 377], "excluded_lines": []}, "EnhancedConnectionPool._close_connection": {"executed_lines": [384, 385, 386, 388, 389, 391, 392], "summary": {"covered_lines": 7, "num_statements": 9, "percent_covered": 77.77777777777777, "percent_covered_display": "78", "missing_lines": 2, "excluded_lines": 0}, "missing_lines": [394, 395], "excluded_lines": []}, "EnhancedConnectionPool._health_check_loop": {"executed_lines": [399, 400, 401, 403, 405], "summary": {"covered_lines": 5, "num_statements": 8, "percent_covered": 62.5, "percent_covered_display": "62", "missing_lines": 3, "excluded_lines": 0}, "missing_lines": [402, 404, 406], "excluded_lines": []}, "EnhancedConnectionPool._perform_health_checks": {"executed_lines": [], "summary": {"covered_lines": 0, "num_statements": 20, "percent_covered": 0.0, "percent_covered_display": "0", "missing_lines": 20, "excluded_lines": 0}, "missing_lines": [410, 412, 413, 414, 416, 417, 418, 420, 421, 422, 424, 425, 426, 428, 430, 431, 432, 433, 436, 437], "excluded_lines": []}, "EnhancedConnectionPool._cleanup_loop": {"executed_lines": [441, 442, 443, 445, 447], "summary": {"covered_lines": 5, "num_statements": 8, "percent_covered": 62.5, "percent_covered_display": "62", "missing_lines": 3, "excluded_lines": 0}, "missing_lines": [444, 446, 448], "excluded_lines": []}, "EnhancedConnectionPool._cleanup_connections": {"executed_lines": [], "summary": {"covered_lines": 0, "num_statements": 13, "percent_covered": 0.0, "percent_covered_display": "0", "missing_lines": 13, "excluded_lines": 0}, "missing_lines": [452, 453, 455, 457, 459, 462, 463, 465, 466, 469, 470, 471, 472], "excluded_lines": []}, "EnhancedConnectionPool.close": {"executed_lines": [476, 479, 480, 483, 484, 485, 486, 489, 490, 492, 495, 496, 497, 501], "summary": {"covered_lines": 14, "num_statements": 17, "percent_covered": 82.3529411764706, "percent_covered_display": "82", "missing_lines": 3, "excluded_lines": 0}, "missing_lines": [477, 498, 499], "excluded_lines": []}, "EnhancedConnectionPool.get_stats": {"executed_lines": [509, 512, 521, 522, 523, 524, 526, 533], "summary": {"covered_lines": 8, "num_statements": 8, "percent_covered": 100.0, "percent_covered_display": "100", "missing_lines": 0, "excluded_lines": 0}, "missing_lines": [], "excluded_lines": []}, "ConnectionContext.__init__": {"executed_lines": [545, 546], "summary": {"covered_lines": 2, "num_statements": 2, "percent_covered": 100.0, "percent_covered_display": "100", "missing_lines": 0, "excluded_lines": 0}, "missing_lines": [], "excluded_lines": []}, "ConnectionContext.__aenter__": {"executed_lines": [550, 551, 553, 554], "summary": {"covered_lines": 4, "num_statements": 4, "percent_covered": 100.0, "percent_covered_display": "100", "missing_lines": 0, "excluded_lines": 0}, "missing_lines": [], "excluded_lines": []}, "ConnectionContext.__aexit__": {"executed_lines": [558, 559, 561, 563, 566, 568], "summary": {"covered_lines": 6, "num_statements": 6, "percent_covered": 100.0, "percent_covered_display": "100", "missing_lines": 0, "excluded_lines": 0}, "missing_lines": [], "excluded_lines": []}, "": {"executed_lines": [1, 8, 9, 10, 11, 12, 13, 14, 16, 18, 20, 23, 24, 25, 26, 27, 28, 31, 32, 33, 34, 35, 38, 39, 40, 42, 43, 44, 47, 48, 49, 50, 52, 67, 77, 90, 91, 92, 93, 94, 95, 96, 97, 99, 100, 106, 107, 114, 115, 116, 117, 118, 119, 120, 122, 127, 131, 135, 143, 154, 159, 160, 188, 255, 279, 313, 328, 360, 382, 397, 408, 439, 450, 474, 503, 536, 537, 539, 548, 556], "summary": {"covered_lines": 72, "num_statements": 72, "percent_covered": 100.0, "percent_covered_display": "100", "missing_lines": 0, "excluded_lines": 0}, "missing_lines": [], "excluded_lines": []}}, "classes": {"ConnectionState": {"executed_lines": [], "summary": {"covered_lines": 0, "num_statements": 0, "percent_covered": 100.0, "percent_covered_display": "100", "missing_lines": 0, "excluded_lines": 0}, "missing_lines": [], "excluded_lines": []}, "CircuitBreakerState": {"executed_lines": [], "summary": {"covered_lines": 0, "num_statements": 0, "percent_covered": 100.0, "percent_covered_display": "100", "missing_lines": 0, "excluded_lines": 0}, "missing_lines": [], "excluded_lines": []}, "CircuitBreaker": {"executed_lines": [54, 55, 56, 58, 59, 60, 61, 62, 69, 70, 71, 72, 73, 74, 75, 79, 80, 82, 83, 84, 85, 86, 87], "summary": {"covered_lines": 23, "num_statements": 26, "percent_covered": 88.46153846153847, "percent_covered_display": "88", "missing_lines": 3, "excluded_lines": 0}, "missing_lines": [63, 64, 65], "excluded_lines": []}, "ConnectionStats": {"executed_lines": [102, 103, 109, 110, 111], "summary": {"covered_lines": 5, "num_statements": 6, "percent_covered": 83.33333333333333, "percent_covered_display": "83", "missing_lines": 1, "excluded_lines": 0}, "missing_lines": [104], "excluded_lines": []}, "PooledConnection": {"executed_lines": [124, 125, 129, 137, 138, 140, 141, 145, 149, 150, 152], "summary": {"covered_lines": 11, "num_statements": 14, "percent_covered": 78.57142857142857, "percent_covered_display": "79", "missing_lines": 3, "excluded_lines": 0}, "missing_lines": [133, 146, 156], "excluded_lines": []}, "EnhancedConnectionPool": {"executed_lines": [211, 212, 213, 214, 215, 216, 217, 218, 221, 222, 223, 226, 227, 230, 242, 243, 246, 253, 257, 260, 261, 264, 267, 268, 269, 270, 273, 274, 276, 277, 282, 288, 295, 307, 308, 310, 311, 319, 323, 324, 326, 330, 332, 338, 339, 340, 341, 343, 344, 346, 362, 367, 379, 380, 384, 385, 386, 388, 389, 391, 392, 399, 400, 401, 403, 405, 441, 442, 443, 445, 447, 476, 479, 480, 483, 484, 485, 486, 489, 490, 492, 495, 496, 497, 501, 509, 512, 521, 522, 523, 524, 526, 533], "summary": {"covered_lines": 93, "num_statements": 158, "percent_covered": 58.860759493670884, "percent_covered_display": "59", "missing_lines": 65, "excluded_lines": 0}, "missing_lines": [258, 262, 320, 348, 350, 351, 352, 353, 354, 355, 356, 358, 363, 364, 368, 369, 372, 373, 374, 375, 377, 394, 395, 402, 404, 406, 410, 412, 413, 414, 416, 417, 418, 420, 421, 422, 424, 425, 426, 428, 430, 431, 432, 433, 436, 437, 444, 446, 448, 452, 453, 455, 457, 459, 462, 463, 465, 466, 469, 470, 471, 472, 477, 498, 499], "excluded_lines": []}, "ConnectionContext": {"executed_lines": [545, 546, 550, 551, 553, 554, 558, 559, 561, 563, 566, 568], "summary": {"covered_lines": 12, "num_statements": 12, "percent_covered": 100.0, "percent_covered_display": "100", "missing_lines": 0, "excluded_lines": 0}, "missing_lines": [], "excluded_lines": []}, "": {"executed_lines": [1, 8, 9, 10, 11, 12, 13, 14, 16, 18, 20, 23, 24, 25, 26, 27, 28, 31, 32, 33, 34, 35, 38, 39, 40, 42, 43, 44, 47, 48, 49, 50, 52, 67, 77, 90, 91, 92, 93, 94, 95, 96, 97, 99, 100, 106, 107, 114, 115, 116, 117, 118, 119, 120, 122, 127, 131, 135, 143, 154, 159, 160, 188, 255, 279, 313, 328, 360, 382, 397, 408, 439, 450, 474, 503, 536, 537, 539, 548, 556], "summary": {"covered_lines": 72, "num_statements": 72, "percent_covered": 100.0, "percent_covered_display": "100", "missing_lines": 0, "excluded_lines": 0}, "missing_lines": [], "excluded_lines": []}}}, "src/zenoo_rpc/transport/session.py": {"executed_lines": [1, 8, 10, 13, 14, 32, 34, 35, 36, 37, 38, 39, 40, 42, 43, 45, 47, 48, 50, 52, 53, 55, 57, 58, 62, 63, 67, 68, 72, 73, 77, 129, 181, 218, 232, 234, 235, 236, 237, 238, 239], "summary": {"covered_lines": 39, "num_statements": 86, "percent_covered": 45.348837209302324, "percent_covered_display": "45", "missing_lines": 47, "excluded_lines": 0}, "missing_lines": [60, 65, 70, 75, 95, 97, 98, 101, 109, 110, 111, 116, 117, 118, 119, 122, 124, 125, 126, 127, 149, 151, 152, 156, 164, 165, 166, 170, 171, 172, 174, 176, 177, 178, 179, 187, 188, 190, 192, 207, 208, 210, 212, 227, 228, 229, 230], "excluded_lines": [], "functions": {"SessionManager.__init__": {"executed_lines": [34, 35, 36, 37, 38, 39, 40], "summary": {"covered_lines": 7, "num_statements": 7, "percent_covered": 100.0, "percent_covered_display": "100", "missing_lines": 0, "excluded_lines": 0}, "missing_lines": [], "excluded_lines": []}, "SessionManager.is_authenticated": {"executed_lines": [45], "summary": {"covered_lines": 1, "num_statements": 1, "percent_covered": 100.0, "percent_covered_display": "100", "missing_lines": 0, "excluded_lines": 0}, "missing_lines": [], "excluded_lines": []}, "SessionManager.database": {"executed_lines": [50], "summary": {"covered_lines": 1, "num_statements": 1, "percent_covered": 100.0, "percent_covered_display": "100", "missing_lines": 0, "excluded_lines": 0}, "missing_lines": [], "excluded_lines": []}, "SessionManager.uid": {"executed_lines": [55], "summary": {"covered_lines": 1, "num_statements": 1, "percent_covered": 100.0, "percent_covered_display": "100", "missing_lines": 0, "excluded_lines": 0}, "missing_lines": [], "excluded_lines": []}, "SessionManager.username": {"executed_lines": [], "summary": {"covered_lines": 0, "num_statements": 1, "percent_covered": 0.0, "percent_covered_display": "0", "missing_lines": 1, "excluded_lines": 0}, "missing_lines": [60], "excluded_lines": []}, "SessionManager.password": {"executed_lines": [], "summary": {"covered_lines": 0, "num_statements": 1, "percent_covered": 0.0, "percent_covered_display": "0", "missing_lines": 1, "excluded_lines": 0}, "missing_lines": [65], "excluded_lines": []}, "SessionManager.context": {"executed_lines": [], "summary": {"covered_lines": 0, "num_statements": 1, "percent_covered": 0.0, "percent_covered_display": "0", "missing_lines": 1, "excluded_lines": 0}, "missing_lines": [70], "excluded_lines": []}, "SessionManager.server_version": {"executed_lines": [], "summary": {"covered_lines": 0, "num_statements": 1, "percent_covered": 0.0, "percent_covered_display": "0", "missing_lines": 1, "excluded_lines": 0}, "missing_lines": [75], "excluded_lines": []}, "SessionManager.authenticate": {"executed_lines": [], "summary": {"covered_lines": 0, "num_statements": 16, "percent_covered": 0.0, "percent_covered_display": "0", "missing_lines": 16, "excluded_lines": 0}, "missing_lines": [95, 97, 98, 101, 109, 110, 111, 116, 117, 118, 119, 122, 124, 125, 126, 127], "excluded_lines": []}, "SessionManager.authenticate_with_api_key": {"executed_lines": [], "summary": {"covered_lines": 0, "num_statements": 15, "percent_covered": 0.0, "percent_covered_display": "0", "missing_lines": 15, "excluded_lines": 0}, "missing_lines": [149, 151, 152, 156, 164, 165, 166, 170, 171, 172, 174, 176, 177, 178, 179], "excluded_lines": []}, "SessionManager._load_user_context": {"executed_lines": [], "summary": {"covered_lines": 0, "num_statements": 8, "percent_covered": 0.0, "percent_covered_display": "0", "missing_lines": 8, "excluded_lines": 0}, "missing_lines": [187, 188, 190, 192, 207, 208, 210, 212], "excluded_lines": []}, "SessionManager.get_call_context": {"executed_lines": [], "summary": {"covered_lines": 0, "num_statements": 4, "percent_covered": 0.0, "percent_covered_display": "0", "missing_lines": 4, "excluded_lines": 0}, "missing_lines": [227, 228, 229, 230], "excluded_lines": []}, "SessionManager.clear": {"executed_lines": [234, 235, 236, 237, 238, 239], "summary": {"covered_lines": 6, "num_statements": 6, "percent_covered": 100.0, "percent_covered_display": "100", "missing_lines": 0, "excluded_lines": 0}, "missing_lines": [], "excluded_lines": []}, "": {"executed_lines": [1, 8, 10, 13, 14, 32, 42, 43, 47, 48, 52, 53, 57, 58, 62, 63, 67, 68, 72, 73, 77, 129, 181, 218, 232], "summary": {"covered_lines": 23, "num_statements": 23, "percent_covered": 100.0, "percent_covered_display": "100", "missing_lines": 0, "excluded_lines": 0}, "missing_lines": [], "excluded_lines": []}}, "classes": {"SessionManager": {"executed_lines": [34, 35, 36, 37, 38, 39, 40, 45, 50, 55, 234, 235, 236, 237, 238, 239], "summary": {"covered_lines": 16, "num_statements": 63, "percent_covered": 25.396825396825395, "percent_covered_display": "25", "missing_lines": 47, "excluded_lines": 0}, "missing_lines": [60, 65, 70, 75, 95, 97, 98, 101, 109, 110, 111, 116, 117, 118, 119, 122, 124, 125, 126, 127, 149, 151, 152, 156, 164, 165, 166, 170, 171, 172, 174, 176, 177, 178, 179, 187, 188, 190, 192, 207, 208, 210, 212, 227, 228, 229, 230], "excluded_lines": []}, "": {"executed_lines": [1, 8, 10, 13, 14, 32, 42, 43, 47, 48, 52, 53, 57, 58, 62, 63, 67, 68, 72, 73, 77, 129, 181, 218, 232], "summary": {"covered_lines": 23, "num_statements": 23, "percent_covered": 100.0, "percent_covered_display": "100", "missing_lines": 0, "excluded_lines": 0}, "missing_lines": [], "excluded_lines": []}}}}, "totals": {"covered_lines": 2869, "num_statements": 3954, "percent_covered": 72.5594334850784, "percent_covered_display": "73", "missing_lines": 1085, "excluded_lines": 42}}